{"meta": {"format": 3, "version": "7.13.1", "timestamp": "2026-01-28T13:21:21.851729", "branch_coverage": true, "show_contexts": false}, "files": {"src/__init__.py": {"executed_lines": [3, 7, 24, 26, 27], "summary": {"covered_lines": 5, "num_statements": 11, "percent_covered": 46.15384615384615, "percent_covered_display": "46", "missing_lines": 6, "excluded_lines": 0, "percent_statements_covered": 45.45454545454545, "percent_statements_covered_display": "45", "num_branches": 2, "num_partial_branches": 1, "covered_branches": 1, "missing_branches": 1, "percent_branches_covered": 50.0, "percent_branches_covered_display": "50"}, "missing_lines": [8, 9, 10, 11, 12, 14], "excluded_lines": [], "executed_branches": [[7, 24]], "missing_branches": [[7, 8]], "functions": {"": {"executed_lines": [3, 7, 24, 26, 27], "summary": {"covered_lines": 5, "num_statements": 11, "percent_covered": 46.15384615384615, "percent_covered_display": "46", "missing_lines": 6, "excluded_lines": 0, "percent_statements_covered": 45.45454545454545, "percent_statements_covered_display": "45", "num_branches": 2, "num_partial_branches": 1, "covered_branches": 1, "missing_branches": 1, "percent_branches_covered": 50.0, "percent_branches_covered_display": "50"}, "missing_lines": [8, 9, 10, 11, 12, 14], "excluded_lines": [], "start_line": 1, "executed_branches": [[7, 24]], "missing_branches": [[7, 8]]}}, "classes": {"": {"executed_lines": [3, 7, 24, 26, 27], "summary": {"covered_lines": 5, "num_statements": 11, "percent_covered": 46.15384615384615, "percent_covered_display": "46", "missing_lines": 6, "excluded_lines": 0, "percent_statements_covered": 45.45454545454545, "percent_statements_covered_display": "45", "num_branches": 2, "num_partial_branches": 1, "covered_branches": 1, "missing_branches": 1, "percent_branches_covered": 50.0, "percent_branches_covered_display": "50"}, "missing_lines": [8, 9, 10, 11, 12, 14], "excluded_lines": [], "start_line": 1, "executed_branches": [[7, 24]], "missing_branches": [[7, 8]]}}}, "src/cache/redis_semantic_cache.py": {"executed_lines": [3, 4, 5, 6, 7, 9, 10, 13, 26, 43, 44, 45, 46, 47, 49, 50, 54, 55, 56, 57, 60, 61, 62, 63, 65, 67, 69, 76, 77, 79, 80, 82, 84, 85, 86, 87, 90, 92, 94, 95, 96, 98, 100, 101, 103, 105, 112, 113, 115, 116, 118, 120, 121, 122, 123, 126, 128, 134, 136, 137, 139, 141, 143, 144, 146, 156, 159, 164], "summary": {"covered_lines": 68, "num_statements": 84, "percent_covered": 77.08333333333333, "percent_covered_display": "77", "missing_lines": 16, "excluded_lines": 0, "percent_statements_covered": 80.95238095238095, "percent_statements_covered_display": "81", "num_branches": 12, "num_partial_branches": 2, "covered_branches": 6, "missing_branches": 6, "percent_branches_covered": 50.0, "percent_branches_covered_display": "50"}, "missing_lines": [52, 130, 131, 132, 160, 168, 169, 170, 173, 174, 176, 177, 180, 182, 185, 187], "excluded_lines": [], "executed_branches": [[43, 44], [43, 54], [49, 50], [84, 85], [84, 94], [120, 121]], "missing_branches": [[49, 52], [120, 130], [169, 170], [169, 173], [174, 176], [174, 180]], "functions": {"RedisSemanticCache.__init__": {"executed_lines": [43, 44, 45, 46, 47, 49, 50, 54, 55, 56, 57, 60, 61, 62, 63], "summary": {"covered_lines": 15, "num_statements": 16, "percent_covered": 90.0, "percent_covered_display": "90", "missing_lines": 1, "excluded_lines": 0, "percent_statements_covered": 93.75, "percent_statements_covered_display": "94", "num_branches": 4, "num_partial_branches": 1, "covered_branches": 3, "missing_branches": 1, "percent_branches_covered": 75.0, "percent_branches_covered_display": "75"}, "missing_lines": [52], "excluded_lines": [], "start_line": 26, "executed_branches": [[43, 44], [43, 54], [49, 50]], "missing_branches": [[49, 52]]}, "RedisSemanticCache._hash_query": {"executed_lines": [67], "summary": {"covered_lines": 1, "num_statements": 1, "percent_covered": 100.0, "percent_covered_display": "100", "missing_lines": 0, "excluded_lines": 0, "percent_statements_covered": 100.0, "percent_statements_covered_display": "100", "num_branches": 0, "num_partial_branches": 0, "covered_branches": 0, "missing_branches": 0, "percent_branches_covered": 100.0, "percent_branches_covered_display": "100"}, "missing_lines": [], "excluded_lines": [], "start_line": 65, "executed_branches": [], "missing_branches": []}, "RedisSemanticCache.get_embedding": {"executed_lines": [76, 77, 79, 80, 82, 84, 85, 86, 87, 90, 92, 94, 95, 96], "summary": {"covered_lines": 14, "num_statements": 14, "percent_covered": 100.0, "percent_covered_display": "100", "missing_lines": 0, "excluded_lines": 0, "percent_statements_covered": 100.0, "percent_statements_covered_display": "100", "num_branches": 2, "num_partial_branches": 0, "covered_branches": 2, "missing_branches": 0, "percent_branches_covered": 100.0, "percent_branches_covered_display": "100"}, "missing_lines": [], "excluded_lines": [], "start_line": 69, "executed_branches": [[84, 85], [84, 94]], "missing_branches": []}, "RedisSemanticCache.set_embedding": {"executed_lines": [100, 101, 103], "summary": {"covered_lines": 3, "num_statements": 3, "percent_covered": 100.0, "percent_covered_display": "100", "missing_lines": 0, "excluded_lines": 0, "percent_statements_covered": 100.0, "percent_statements_covered_display": "100", "num_branches": 0, "num_partial_branches": 0, "covered_branches": 0, "missing_branches": 0, "percent_branches_covered": 100.0, "percent_branches_covered_display": "100"}, "missing_lines": [], "excluded_lines": [], "start_line": 98, "executed_branches": [], "missing_branches": []}, "RedisSemanticCache.get_response": {"executed_lines": [112, 113, 115, 116, 118, 120, 121, 122, 123, 126, 128], "summary": {"covered_lines": 11, "num_statements": 14, "percent_covered": 75.0, "percent_covered_display": "75", "missing_lines": 3, "excluded_lines": 0, "percent_statements_covered": 78.57142857142857, "percent_statements_covered_display": "79", "num_branches": 2, "num_partial_branches": 1, "covered_branches": 1, "missing_branches": 1, "percent_branches_covered": 50.0, "percent_branches_covered_display": "50"}, "missing_lines": [130, 131, 132], "excluded_lines": [], "start_line": 105, "executed_branches": [[120, 121]], "missing_branches": [[120, 130]]}, "RedisSemanticCache.set_response": {"executed_lines": [136, 137, 139], "summary": {"covered_lines": 3, "num_statements": 3, "percent_covered": 100.0, "percent_covered_display": "100", "missing_lines": 0, "excluded_lines": 0, "percent_statements_covered": 100.0, "percent_statements_covered_display": "100", "num_branches": 0, "num_partial_branches": 0, "covered_branches": 0, "missing_branches": 0, "percent_branches_covered": 100.0, "percent_branches_covered_display": "100"}, "missing_lines": [], "excluded_lines": [], "start_line": 134, "executed_branches": [], "missing_branches": []}, "RedisSemanticCache.get_stats": {"executed_lines": [143, 144, 146], "summary": {"covered_lines": 3, "num_statements": 3, "percent_covered": 100.0, "percent_covered_display": "100", "missing_lines": 0, "excluded_lines": 0, "percent_statements_covered": 100.0, "percent_statements_covered_display": "100", "num_branches": 0, "num_partial_branches": 0, "covered_branches": 0, "missing_branches": 0, "percent_branches_covered": 100.0, "percent_branches_covered_display": "100"}, "missing_lines": [], "excluded_lines": [], "start_line": 141, "executed_branches": [], "missing_branches": []}, "CachedRAGPipeline.__init__": {"executed_lines": [], "summary": {"covered_lines": 0, "num_statements": 1, "percent_covered": 0.0, "percent_covered_display": "0", "missing_lines": 1, "excluded_lines": 0, "percent_statements_covered": 0.0, "percent_statements_covered_display": "0", "num_branches": 0, "num_partial_branches": 0, "covered_branches": 0, "missing_branches": 0, "percent_branches_covered": 100.0, "percent_branches_covered_display": "100"}, "missing_lines": [160], "excluded_lines": [], "start_line": 159, "executed_branches": [], "missing_branches": []}, "CachedRAGPipeline.query": {"executed_lines": [], "summary": {"covered_lines": 0, "num_statements": 11, "percent_covered": 0.0, "percent_covered_display": "0", "missing_lines": 11, "excluded_lines": 0, "percent_statements_covered": 0.0, "percent_statements_covered_display": "0", "num_branches": 4, "num_partial_branches": 0, "covered_branches": 0, "missing_branches": 4, "percent_branches_covered": 0.0, "percent_branches_covered_display": "0"}, "missing_lines": [168, 169, 170, 173, 174, 176, 177, 180, 182, 185, 187], "excluded_lines": [], "start_line": 164, "executed_branches": [], "missing_branches": [[169, 170], [169, 173], [174, 176], [174, 180]]}, "": {"executed_lines": [3, 4, 5, 6, 7, 9, 10, 13, 26, 65, 69, 98, 105, 134, 141, 156, 159, 164], "summary": {"covered_lines": 18, "num_statements": 18, "percent_covered": 100.0, "percent_covered_display": "100", "missing_lines": 0, "excluded_lines": 0, "percent_statements_covered": 100.0, "percent_statements_covered_display": "100", "num_branches": 0, "num_partial_branches": 0, "covered_branches": 0, "missing_branches": 0, "percent_branches_covered": 100.0, "percent_branches_covered_display": "100"}, "missing_lines": [], "excluded_lines": [], "start_line": 1, "executed_branches": [], "missing_branches": []}}, "classes": {"RedisSemanticCache": {"executed_lines": [43, 44, 45, 46, 47, 49, 50, 54, 55, 56, 57, 60, 61, 62, 63, 67, 76, 77, 79, 80, 82, 84, 85, 86, 87, 90, 92, 94, 95, 96, 100, 101, 103, 112, 113, 115, 116, 118, 120, 121, 122, 123, 126, 128, 136, 137, 139, 143, 144, 146], "summary": {"covered_lines": 50, "num_statements": 54, "percent_covered": 90.3225806451613, "percent_covered_display": "90", "missing_lines": 4, "excluded_lines": 0, "percent_statements_covered": 92.5925925925926, "percent_statements_covered_display": "93", "num_branches": 8, "num_partial_branches": 2, "covered_branches": 6, "missing_branches": 2, "percent_branches_covered": 75.0, "percent_branches_covered_display": "75"}, "missing_lines": [52, 130, 131, 132], "excluded_lines": [], "start_line": 13, "executed_branches": [[43, 44], [43, 54], [49, 50], [84, 85], [84, 94], [120, 121]], "missing_branches": [[49, 52], [120, 130]]}, "CachedRAGPipeline": {"executed_lines": [], "summary": {"covered_lines": 0, "num_statements": 12, "percent_covered": 0.0, "percent_covered_display": "0", "missing_lines": 12, "excluded_lines": 0, "percent_statements_covered": 0.0, "percent_statements_covered_display": "0", "num_branches": 4, "num_partial_branches": 0, "covered_branches": 0, "missing_branches": 4, "percent_branches_covered": 0.0, "percent_branches_covered_display": "0"}, "missing_lines": [160, 168, 169, 170, 173, 174, 176, 177, 180, 182, 185, 187], "excluded_lines": [], "start_line": 156, "executed_branches": [], "missing_branches": [[169, 170], [169, 173], [174, 176], [174, 180]]}, "": {"executed_lines": [3, 4, 5, 6, 7, 9, 10, 13, 26, 65, 69, 98, 105, 134, 141, 156, 159, 164], "summary": {"covered_lines": 18, "num_statements": 18, "percent_covered": 100.0, "percent_covered_display": "100", "missing_lines": 0, "excluded_lines": 0, "percent_statements_covered": 100.0, "percent_statements_covered_display": "100", "num_branches": 0, "num_partial_branches": 0, "covered_branches": 0, "missing_branches": 0, "percent_branches_covered": 100.0, "percent_branches_covered_display": "100"}, "missing_lines": [], "excluded_lines": [], "start_line": 1, "executed_branches": [], "missing_branches": []}}}, "src/config/__init__.py": {"executed_lines": [3, 11, 14], "summary": {"covered_lines": 3, "num_statements": 3, "percent_covered": 100.0, "percent_covered_display": "100", "missing_lines": 0, "excluded_lines": 0, "percent_statements_covered": 100.0, "percent_statements_covered_display": "100", "num_branches": 0, "num_partial_branches": 0, "covered_branches": 0, "missing_branches": 0, "percent_branches_covered": 100.0, "percent_branches_covered_display": "100"}, "missing_lines": [], "excluded_lines": [], "executed_branches": [], "missing_branches": [], "functions": {"": {"executed_lines": [3, 11, 14], "summary": {"covered_lines": 3, "num_statements": 3, "percent_covered": 100.0, "percent_covered_display": "100", "missing_lines": 0, "excluded_lines": 0, "percent_statements_covered": 100.0, "percent_statements_covered_display": "100", "num_branches": 0, "num_partial_branches": 0, "covered_branches": 0, "missing_branches": 0, "percent_branches_covered": 100.0, "percent_branches_covered_display": "100"}, "missing_lines": [], "excluded_lines": [], "start_line": 1, "executed_branches": [], "missing_branches": []}}, "classes": {"": {"executed_lines": [3, 11, 14], "summary": {"covered_lines": 3, "num_statements": 3, "percent_covered": 100.0, "percent_covered_display": "100", "missing_lines": 0, "excluded_lines": 0, "percent_statements_covered": 100.0, "percent_statements_covered_display": "100", "num_branches": 0, "num_partial_branches": 0, "covered_branches": 0, "missing_branches": 0, "percent_branches_covered": 100.0, "percent_branches_covered_display": "100"}, "missing_lines": [], "excluded_lines": [], "start_line": 1, "executed_branches": [], "missing_branches": []}}}, "src/config/constants.py": {"executed_lines": [3, 4, 7, 10, 11, 12, 13, 16, 19, 20, 21, 23, 26, 30, 31, 32, 35, 36, 37, 40, 41, 42, 45, 46, 49, 50, 51, 54, 55, 58, 59, 60, 61, 64, 65, 68, 69, 70, 71, 74, 75, 78, 79, 80, 81, 84, 85, 88, 89, 92, 93, 96, 97, 98, 101, 102, 105, 106, 110, 118, 137, 147, 154], "summary": {"covered_lines": 63, "num_statements": 63, "percent_covered": 100.0, "percent_covered_display": "100", "missing_lines": 0, "excluded_lines": 0, "percent_statements_covered": 100.0, "percent_statements_covered_display": "100", "num_branches": 0, "num_partial_branches": 0, "covered_branches": 0, "missing_branches": 0, "percent_branches_covered": 100.0, "percent_branches_covered_display": "100"}, "missing_lines": [], "excluded_lines": [], "executed_branches": [], "missing_branches": [], "functions": {"": {"executed_lines": [3, 4, 7, 10, 11, 12, 13, 16, 19, 20, 21, 23, 26, 30, 31, 32, 35, 36, 37, 40, 41, 42, 45, 46, 49, 50, 51, 54, 55, 58, 59, 60, 61, 64, 65, 68, 69, 70, 71, 74, 75, 78, 79, 80, 81, 84, 85, 88, 89, 92, 93, 96, 97, 98, 101, 102, 105, 106, 110, 118, 137, 147, 154], "summary": {"covered_lines": 63, "num_statements": 63, "percent_covered": 100.0, "percent_covered_display": "100", "missing_lines": 0, "excluded_lines": 0, "percent_statements_covered": 100.0, "percent_statements_covered_display": "100", "num_branches": 0, "num_partial_branches": 0, "covered_branches": 0, "missing_branches": 0, "percent_branches_covered": 100.0, "percent_branches_covered_display": "100"}, "missing_lines": [], "excluded_lines": [], "start_line": 1, "executed_branches": [], "missing_branches": []}}, "classes": {"SearchEngine": {"executed_lines": [], "summary": {"covered_lines": 0, "num_statements": 0, "percent_covered": 100.0, "percent_covered_display": "100", "missing_lines": 0, "excluded_lines": 0, "percent_statements_covered": 100.0, "percent_statements_covered_display": "100", "num_branches": 0, "num_partial_branches": 0, "covered_branches": 0, "missing_branches": 0, "percent_branches_covered": 100.0, "percent_branches_covered_display": "100"}, "missing_lines": [], "excluded_lines": [], "start_line": 7, "executed_branches": [], "missing_branches": []}, "APIProvider": {"executed_lines": [], "summary": {"covered_lines": 0, "num_statements": 0, "percent_covered": 100.0, "percent_covered_display": "100", "missing_lines": 0, "excluded_lines": 0, "percent_statements_covered": 100.0, "percent_statements_covered_display": "100", "num_branches": 0, "num_partial_branches": 0, "covered_branches": 0, "missing_branches": 0, "percent_branches_covered": 100.0, "percent_branches_covered_display": "100"}, "missing_lines": [], "excluded_lines": [], "start_line": 16, "executed_branches": [], "missing_branches": []}, "ModelName": {"executed_lines": [], "summary": {"covered_lines": 0, "num_statements": 0, "percent_covered": 100.0, "percent_covered_display": "100", "missing_lines": 0, "excluded_lines": 0, "percent_statements_covered": 100.0, "percent_statements_covered_display": "100", "num_branches": 0, "num_partial_branches": 0, "covered_branches": 0, "missing_branches": 0, "percent_branches_covered": 100.0, "percent_branches_covered_display": "100"}, "missing_lines": [], "excluded_lines": [], "start_line": 26, "executed_branches": [], "missing_branches": []}, "VectorDimensions": {"executed_lines": [], "summary": {"covered_lines": 0, "num_statements": 0, "percent_covered": 100.0, "percent_covered_display": "100", "missing_lines": 0, "excluded_lines": 0, "percent_statements_covered": 100.0, "percent_statements_covered_display": "100", "num_branches": 0, "num_partial_branches": 0, "covered_branches": 0, "missing_branches": 0, "percent_branches_covered": 100.0, "percent_branches_covered_display": "100"}, "missing_lines": [], "excluded_lines": [], "start_line": 46, "executed_branches": [], "missing_branches": []}, "ThresholdValues": {"executed_lines": [], "summary": {"covered_lines": 0, "num_statements": 0, "percent_covered": 100.0, "percent_covered_display": "100", "missing_lines": 0, "excluded_lines": 0, "percent_statements_covered": 100.0, "percent_statements_covered_display": "100", "num_branches": 0, "num_partial_branches": 0, "covered_branches": 0, "missing_branches": 0, "percent_branches_covered": 100.0, "percent_branches_covered_display": "100"}, "missing_lines": [], "excluded_lines": [], "start_line": 55, "executed_branches": [], "missing_branches": []}, "HSNWParameters": {"executed_lines": [], "summary": {"covered_lines": 0, "num_statements": 0, "percent_covered": 100.0, "percent_covered_display": "100", "missing_lines": 0, "excluded_lines": 0, "percent_statements_covered": 100.0, "percent_statements_covered_display": "100", "num_branches": 0, "num_partial_branches": 0, "covered_branches": 0, "missing_branches": 0, "percent_branches_covered": 100.0, "percent_branches_covered_display": "100"}, "missing_lines": [], "excluded_lines": [], "start_line": 65, "executed_branches": [], "missing_branches": []}, "BatchSizes": {"executed_lines": [], "summary": {"covered_lines": 0, "num_statements": 0, "percent_covered": 100.0, "percent_covered_display": "100", "missing_lines": 0, "excluded_lines": 0, "percent_statements_covered": 100.0, "percent_statements_covered_display": "100", "num_branches": 0, "num_partial_branches": 0, "covered_branches": 0, "missing_branches": 0, "percent_branches_covered": 100.0, "percent_branches_covered_display": "100"}, "missing_lines": [], "excluded_lines": [], "start_line": 75, "executed_branches": [], "missing_branches": []}, "RetrievalStages": {"executed_lines": [], "summary": {"covered_lines": 0, "num_statements": 0, "percent_covered": 100.0, "percent_covered_display": "100", "missing_lines": 0, "excluded_lines": 0, "percent_statements_covered": 100.0, "percent_statements_covered_display": "100", "num_branches": 0, "num_partial_branches": 0, "covered_branches": 0, "missing_branches": 0, "percent_branches_covered": 100.0, "percent_branches_covered_display": "100"}, "missing_lines": [], "excluded_lines": [], "start_line": 85, "executed_branches": [], "missing_branches": []}, "MetricValues": {"executed_lines": [], "summary": {"covered_lines": 0, "num_statements": 0, "percent_covered": 100.0, "percent_covered_display": "100", "missing_lines": 0, "excluded_lines": 0, "percent_statements_covered": 100.0, "percent_statements_covered_display": "100", "num_branches": 0, "num_partial_branches": 0, "covered_branches": 0, "missing_branches": 0, "percent_branches_covered": 100.0, "percent_branches_covered_display": "100"}, "missing_lines": [], "excluded_lines": [], "start_line": 93, "executed_branches": [], "missing_branches": []}, "MMRParameters": {"executed_lines": [], "summary": {"covered_lines": 0, "num_statements": 0, "percent_covered": 100.0, "percent_covered_display": "100", "missing_lines": 0, "excluded_lines": 0, "percent_statements_covered": 100.0, "percent_statements_covered_display": "100", "num_branches": 0, "num_partial_branches": 0, "covered_branches": 0, "missing_branches": 0, "percent_branches_covered": 100.0, "percent_branches_covered_display": "100"}, "missing_lines": [], "excluded_lines": [], "start_line": 102, "executed_branches": [], "missing_branches": []}, "": {"executed_lines": [3, 4, 7, 10, 11, 12, 13, 16, 19, 20, 21, 23, 26, 30, 31, 32, 35, 36, 37, 40, 41, 42, 45, 46, 49, 50, 51, 54, 55, 58, 59, 60, 61, 64, 65, 68, 69, 70, 71, 74, 75, 78, 79, 80, 81, 84, 85, 88, 89, 92, 93, 96, 97, 98, 101, 102, 105, 106, 110, 118, 137, 147, 154], "summary": {"covered_lines": 63, "num_statements": 63, "percent_covered": 100.0, "percent_covered_display": "100", "missing_lines": 0, "excluded_lines": 0, "percent_statements_covered": 100.0, "percent_statements_covered_display": "100", "num_branches": 0, "num_partial_branches": 0, "covered_branches": 0, "missing_branches": 0, "percent_branches_covered": 100.0, "percent_branches_covered_display": "100"}, "missing_lines": [], "excluded_lines": [], "start_line": 1, "executed_branches": [], "missing_branches": []}}}, "src/config/settings.py": {"executed_lines": [3, 4, 5, 7, 9, 20, 39, 71, 74, 77, 78, 83, 84, 85, 88, 91, 95, 96, 97, 98, 101, 102, 105, 106, 107, 108, 111, 114, 115, 120, 121, 124, 127, 128, 129, 132, 133, 136, 137, 138, 139, 142, 143, 145, 147, 148, 152, 153, 157, 158, 163, 164, 166, 172, 174, 176, 211], "summary": {"covered_lines": 57, "num_statements": 58, "percent_covered": 96.96969696969697, "percent_covered_display": "97", "missing_lines": 1, "excluded_lines": 12, "percent_statements_covered": 98.27586206896552, "percent_statements_covered_display": "98", "num_branches": 8, "num_partial_branches": 1, "covered_branches": 7, "missing_branches": 1, "percent_branches_covered": 87.5, "percent_branches_covered_display": "88"}, "missing_lines": [72], "excluded_lines": [196, 197, 198, 199, 200, 201, 202, 203, 204, 205, 206, 207], "executed_branches": [[71, 74], [147, 148], [147, 152], [152, 153], [152, 157], [157, -145], [157, 158]], "missing_branches": [[71, 72]], "functions": {"Settings.__init__": {"executed_lines": [71, 74, 77, 78, 83, 84, 85, 88, 91, 95, 96, 97, 98, 101, 102, 105, 106, 107, 108, 111, 114, 115, 120, 121, 124, 127, 128, 129, 132, 133, 136, 137, 138, 139, 142, 143], "summary": {"covered_lines": 36, "num_statements": 37, "percent_covered": 94.87179487179488, "percent_covered_display": "95", "missing_lines": 1, "excluded_lines": 0, "percent_statements_covered": 97.29729729729729, "percent_statements_covered_display": "97", "num_branches": 2, "num_partial_branches": 1, "covered_branches": 1, "missing_branches": 1, "percent_branches_covered": 50.0, "percent_branches_covered_display": "50"}, "missing_lines": [72], "excluded_lines": [], "start_line": 39, "executed_branches": [[71, 74]], "missing_branches": [[71, 72]]}, "Settings._validate_api_keys": {"executed_lines": [147, 148, 152, 153, 157, 158], "summary": {"covered_lines": 6, "num_statements": 6, "percent_covered": 100.0, "percent_covered_display": "100", "missing_lines": 0, "excluded_lines": 0, "percent_statements_covered": 100.0, "percent_statements_covered_display": "100", "num_branches": 6, "num_partial_branches": 0, "covered_branches": 6, "missing_branches": 0, "percent_branches_covered": 100.0, "percent_branches_covered_display": "100"}, "missing_lines": [], "excluded_lines": [], "start_line": 145, "executed_branches": [[147, 148], [147, 152], [152, 153], [152, 157], [157, -145], [157, 158]], "missing_branches": []}, "Settings._default_model_for_provider": {"executed_lines": [166, 172], "summary": {"covered_lines": 2, "num_statements": 2, "percent_covered": 100.0, "percent_covered_display": "100", "missing_lines": 0, "excluded_lines": 0, "percent_statements_covered": 100.0, "percent_statements_covered_display": "100", "num_branches": 0, "num_partial_branches": 0, "covered_branches": 0, "missing_branches": 0, "percent_branches_covered": 100.0, "percent_branches_covered_display": "100"}, "missing_lines": [], "excluded_lines": [], "start_line": 164, "executed_branches": [], "missing_branches": []}, "Settings.to_dict": {"executed_lines": [176], "summary": {"covered_lines": 1, "num_statements": 1, "percent_covered": 100.0, "percent_covered_display": "100", "missing_lines": 0, "excluded_lines": 0, "percent_statements_covered": 100.0, "percent_statements_covered_display": "100", "num_branches": 0, "num_partial_branches": 0, "covered_branches": 0, "missing_branches": 0, "percent_branches_covered": 100.0, "percent_branches_covered_display": "100"}, "missing_lines": [], "excluded_lines": [], "start_line": 174, "executed_branches": [], "missing_branches": []}, "Settings.__repr__": {"executed_lines": [], "summary": {"covered_lines": 0, "num_statements": 0, "percent_covered": 100.0, "percent_covered_display": "100", "missing_lines": 0, "excluded_lines": 11, "percent_statements_covered": 100.0, "percent_statements_covered_display": "100", "num_branches": 0, "num_partial_branches": 0, "covered_branches": 0, "missing_branches": 0, "percent_branches_covered": 100.0, "percent_branches_covered_display": "100"}, "missing_lines": [], "excluded_lines": [197, 198, 199, 200, 201, 202, 203, 204, 205, 206, 207], "start_line": 196, "executed_branches": [], "missing_branches": []}, "": {"executed_lines": [3, 4, 5, 7, 9, 20, 39, 145, 163, 164, 174, 211], "summary": {"covered_lines": 12, "num_statements": 12, "percent_covered": 100.0, "percent_covered_display": "100", "missing_lines": 0, "excluded_lines": 1, "percent_statements_covered": 100.0, "percent_statements_covered_display": "100", "num_branches": 0, "num_partial_branches": 0, "covered_branches": 0, "missing_branches": 0, "percent_branches_covered": 100.0, "percent_branches_covered_display": "100"}, "missing_lines": [], "excluded_lines": [196], "start_line": 1, "executed_branches": [], "missing_branches": []}}, "classes": {"Settings": {"executed_lines": [71, 74, 77, 78, 83, 84, 85, 88, 91, 95, 96, 97, 98, 101, 102, 105, 106, 107, 108, 111, 114, 115, 120, 121, 124, 127, 128, 129, 132, 133, 136, 137, 138, 139, 142, 143, 147, 148, 152, 153, 157, 158, 166, 172, 176], "summary": {"covered_lines": 45, "num_statements": 46, "percent_covered": 96.29629629629629, "percent_covered_display": "96", "missing_lines": 1, "excluded_lines": 11, "percent_statements_covered": 97.82608695652173, "percent_statements_covered_display": "98", "num_branches": 8, "num_partial_branches": 1, "covered_branches": 7, "missing_branches": 1, "percent_branches_covered": 87.5, "percent_branches_covered_display": "88"}, "missing_lines": [72], "excluded_lines": [197, 198, 199, 200, 201, 202, 203, 204, 205, 206, 207], "start_line": 20, "executed_branches": [[71, 74], [147, 148], [147, 152], [152, 153], [152, 157], [157, -145], [157, 158]], "missing_branches": [[71, 72]]}, "": {"executed_lines": [3, 4, 5, 7, 9, 20, 39, 145, 163, 164, 174, 211], "summary": {"covered_lines": 12, "num_statements": 12, "percent_covered": 100.0, "percent_covered_display": "100", "missing_lines": 0, "excluded_lines": 1, "percent_statements_covered": 100.0, "percent_statements_covered_display": "100", "num_branches": 0, "num_partial_branches": 0, "covered_branches": 0, "missing_branches": 0, "percent_branches_covered": 100.0, "percent_branches_covered_display": "100"}, "missing_lines": [], "excluded_lines": [196], "start_line": 1, "executed_branches": [], "missing_branches": []}}}, "src/contextualization/__init__.py": {"executed_lines": [3, 4, 5, 6, 9], "summary": {"covered_lines": 5, "num_statements": 5, "percent_covered": 100.0, "percent_covered_display": "100", "missing_lines": 0, "excluded_lines": 0, "percent_statements_covered": 100.0, "percent_statements_covered_display": "100", "num_branches": 0, "num_partial_branches": 0, "covered_branches": 0, "missing_branches": 0, "percent_branches_covered": 100.0, "percent_branches_covered_display": "100"}, "missing_lines": [], "excluded_lines": [], "executed_branches": [], "missing_branches": [], "functions": {"": {"executed_lines": [3, 4, 5, 6, 9], "summary": {"covered_lines": 5, "num_statements": 5, "percent_covered": 100.0, "percent_covered_display": "100", "missing_lines": 0, "excluded_lines": 0, "percent_statements_covered": 100.0, "percent_statements_covered_display": "100", "num_branches": 0, "num_partial_branches": 0, "covered_branches": 0, "missing_branches": 0, "percent_branches_covered": 100.0, "percent_branches_covered_display": "100"}, "missing_lines": [], "excluded_lines": [], "start_line": 1, "executed_branches": [], "missing_branches": []}}, "classes": {"": {"executed_lines": [3, 4, 5, 6, 9], "summary": {"covered_lines": 5, "num_statements": 5, "percent_covered": 100.0, "percent_covered_display": "100", "missing_lines": 0, "excluded_lines": 0, "percent_statements_covered": 100.0, "percent_statements_covered_display": "100", "num_branches": 0, "num_partial_branches": 0, "covered_branches": 0, "missing_branches": 0, "percent_branches_covered": 100.0, "percent_branches_covered_display": "100"}, "missing_lines": [], "excluded_lines": [], "start_line": 1, "executed_branches": [], "missing_branches": []}}}, "src/contextualization/base.py": {"executed_lines": [3, 4, 5, 6, 9, 10, 13, 14, 15, 16, 17, 18, 19, 21, 22, 24, 26, 28, 40, 91, 92, 94, 106, 107, 109, 110, 111, 112], "summary": {"covered_lines": 28, "num_statements": 28, "percent_covered": 100.0, "percent_covered_display": "100", "missing_lines": 0, "excluded_lines": 36, "percent_statements_covered": 100.0, "percent_statements_covered_display": "100", "num_branches": 2, "num_partial_branches": 0, "covered_branches": 2, "missing_branches": 0, "percent_branches_covered": 100.0, "percent_branches_covered_display": "100"}, "missing_lines": [], "excluded_lines": [53, 54, 55, 56, 57, 58, 59, 60, 61, 62, 63, 64, 65, 66, 67, 68, 69, 70, 72, 73, 74, 75, 76, 77, 78, 79, 80, 81, 82, 83, 84, 85, 86, 87, 88, 89], "executed_branches": [[110, 111], [110, 112]], "missing_branches": [], "functions": {"ContextualizedChunk.full_text": {"executed_lines": [24], "summary": {"covered_lines": 1, "num_statements": 1, "percent_covered": 100.0, "percent_covered_display": "100", "missing_lines": 0, "excluded_lines": 0, "percent_statements_covered": 100.0, "percent_statements_covered_display": "100", "num_branches": 0, "num_partial_branches": 0, "covered_branches": 0, "missing_branches": 0, "percent_branches_covered": 100.0, "percent_branches_covered_display": "100"}, "missing_lines": [], "excluded_lines": [], "start_line": 22, "executed_branches": [], "missing_branches": []}, "ContextualizedChunk.to_dict": {"executed_lines": [28], "summary": {"covered_lines": 1, "num_statements": 1, "percent_covered": 100.0, "percent_covered_display": "100", "missing_lines": 0, "excluded_lines": 0, "percent_statements_covered": 100.0, "percent_statements_covered_display": "100", "num_branches": 0, "num_partial_branches": 0, "covered_branches": 0, "missing_branches": 0, "percent_branches_covered": 100.0, "percent_branches_covered_display": "100"}, "missing_lines": [], "excluded_lines": [], "start_line": 26, "executed_branches": [], "missing_branches": []}, "ContextualizeProvider.contextualize": {"executed_lines": [], "summary": {"covered_lines": 0, "num_statements": 0, "percent_covered": 100.0, "percent_covered_display": "100", "missing_lines": 0, "excluded_lines": 11, "percent_statements_covered": 100.0, "percent_statements_covered_display": "100", "num_branches": 0, "num_partial_branches": 0, "covered_branches": 0, "missing_branches": 0, "percent_branches_covered": 100.0, "percent_branches_covered_display": "100"}, "missing_lines": [], "excluded_lines": [60, 61, 62, 63, 64, 65, 66, 67, 68, 69, 70], "start_line": 54, "executed_branches": [], "missing_branches": []}, "ContextualizeProvider.contextualize_single": {"executed_lines": [], "summary": {"covered_lines": 0, "num_statements": 0, "percent_covered": 100.0, "percent_covered_display": "100", "missing_lines": 0, "excluded_lines": 11, "percent_statements_covered": 100.0, "percent_statements_covered_display": "100", "num_branches": 0, "num_partial_branches": 0, "covered_branches": 0, "missing_branches": 0, "percent_branches_covered": 100.0, "percent_branches_covered_display": "100"}, "missing_lines": [], "excluded_lines": [79, 80, 81, 82, 83, 84, 85, 86, 87, 88, 89], "start_line": 73, "executed_branches": [], "missing_branches": []}, "ContextualizeProvider.get_system_prompt": {"executed_lines": [94], "summary": {"covered_lines": 1, "num_statements": 1, "percent_covered": 100.0, "percent_covered_display": "100", "missing_lines": 0, "excluded_lines": 0, "percent_statements_covered": 100.0, "percent_statements_covered_display": "100", "num_branches": 0, "num_partial_branches": 0, "covered_branches": 0, "missing_branches": 0, "percent_branches_covered": 100.0, "percent_branches_covered_display": "100"}, "missing_lines": [], "excluded_lines": [], "start_line": 92, "executed_branches": [], "missing_branches": []}, "ContextualizeProvider.get_user_prompt": {"executed_lines": [109, 110, 111, 112], "summary": {"covered_lines": 4, "num_statements": 4, "percent_covered": 100.0, "percent_covered_display": "100", "missing_lines": 0, "excluded_lines": 0, "percent_statements_covered": 100.0, "percent_statements_covered_display": "100", "num_branches": 2, "num_partial_branches": 0, "covered_branches": 2, "missing_branches": 0, "percent_branches_covered": 100.0, "percent_branches_covered_display": "100"}, "missing_lines": [], "excluded_lines": [], "start_line": 107, "executed_branches": [[110, 111], [110, 112]], "missing_branches": []}, "": {"executed_lines": [3, 4, 5, 6, 9, 10, 13, 14, 15, 16, 17, 18, 19, 21, 22, 26, 40, 91, 92, 106, 107], "summary": {"covered_lines": 21, "num_statements": 21, "percent_covered": 100.0, "percent_covered_display": "100", "missing_lines": 0, "excluded_lines": 14, "percent_statements_covered": 100.0, "percent_statements_covered_display": "100", "num_branches": 0, "num_partial_branches": 0, "covered_branches": 0, "missing_branches": 0, "percent_branches_covered": 100.0, "percent_branches_covered_display": "100"}, "missing_lines": [], "excluded_lines": [53, 54, 55, 56, 57, 58, 59, 72, 73, 74, 75, 76, 77, 78], "start_line": 1, "executed_branches": [], "missing_branches": []}}, "classes": {"ContextualizedChunk": {"executed_lines": [24, 28], "summary": {"covered_lines": 2, "num_statements": 2, "percent_covered": 100.0, "percent_covered_display": "100", "missing_lines": 0, "excluded_lines": 0, "percent_statements_covered": 100.0, "percent_statements_covered_display": "100", "num_branches": 0, "num_partial_branches": 0, "covered_branches": 0, "missing_branches": 0, "percent_branches_covered": 100.0, "percent_branches_covered_display": "100"}, "missing_lines": [], "excluded_lines": [], "start_line": 10, "executed_branches": [], "missing_branches": []}, "ContextualizeProvider": {"executed_lines": [94, 109, 110, 111, 112], "summary": {"covered_lines": 5, "num_statements": 5, "percent_covered": 100.0, "percent_covered_display": "100", "missing_lines": 0, "excluded_lines": 22, "percent_statements_covered": 100.0, "percent_statements_covered_display": "100", "num_branches": 2, "num_partial_branches": 0, "covered_branches": 2, "missing_branches": 0, "percent_branches_covered": 100.0, "percent_branches_covered_display": "100"}, "missing_lines": [], "excluded_lines": [60, 61, 62, 63, 64, 65, 66, 67, 68, 69, 70, 79, 80, 81, 82, 83, 84, 85, 86, 87, 88, 89], "start_line": 40, "executed_branches": [[110, 111], [110, 112]], "missing_branches": []}, "": {"executed_lines": [3, 4, 5, 6, 9, 10, 13, 14, 15, 16, 17, 18, 19, 21, 22, 26, 40, 91, 92, 106, 107], "summary": {"covered_lines": 21, "num_statements": 21, "percent_covered": 100.0, "percent_covered_display": "100", "missing_lines": 0, "excluded_lines": 14, "percent_statements_covered": 100.0, "percent_statements_covered_display": "100", "num_branches": 0, "num_partial_branches": 0, "covered_branches": 0, "missing_branches": 0, "percent_branches_covered": 100.0, "percent_branches_covered_display": "100"}, "missing_lines": [], "excluded_lines": [53, 54, 55, 56, 57, 58, 59, 72, 73, 74, 75, 76, 77, 78], "start_line": 1, "executed_branches": [], "missing_branches": []}}}, "src/contextualization/claude.py": {"executed_lines": [3, 5, 7, 9, 12, 28, 35, 36, 37, 38, 39, 40, 42, 53, 54, 55, 56, 57, 58, 59, 61, 69, 71, 82, 83, 86, 90, 91, 93, 110, 113, 115, 119, 126, 133, 134, 136, 144, 146, 153, 155], "summary": {"covered_lines": 41, "num_statements": 41, "percent_covered": 100.0, "percent_covered_display": "100", "missing_lines": 0, "excluded_lines": 0, "percent_statements_covered": 100.0, "percent_statements_covered_display": "100", "num_branches": 4, "num_partial_branches": 0, "covered_branches": 4, "missing_branches": 0, "percent_branches_covered": 100.0, "percent_branches_covered_display": "100"}, "missing_lines": [], "excluded_lines": [], "executed_branches": [[54, 55], [54, 69], [90, 91], [90, 93]], "missing_branches": [], "functions": {"ClaudeContextualizer.__init__": {"executed_lines": [35, 36, 37, 38, 39, 40], "summary": {"covered_lines": 6, "num_statements": 6, "percent_covered": 100.0, "percent_covered_display": "100", "missing_lines": 0, "excluded_lines": 0, "percent_statements_covered": 100.0, "percent_statements_covered_display": "100", "num_branches": 0, "num_partial_branches": 0, "covered_branches": 0, "missing_branches": 0, "percent_branches_covered": 100.0, "percent_branches_covered_display": "100"}, "missing_lines": [], "excluded_lines": [], "start_line": 28, "executed_branches": [], "missing_branches": []}, "ClaudeContextualizer.contextualize": {"executed_lines": [53, 54, 55, 56, 57, 58, 59, 61, 69], "summary": {"covered_lines": 9, "num_statements": 9, "percent_covered": 100.0, "percent_covered_display": "100", "missing_lines": 0, "excluded_lines": 0, "percent_statements_covered": 100.0, "percent_statements_covered_display": "100", "num_branches": 2, "num_partial_branches": 0, "covered_branches": 2, "missing_branches": 0, "percent_branches_covered": 100.0, "percent_branches_covered_display": "100"}, "missing_lines": [], "excluded_lines": [], "start_line": 42, "executed_branches": [[54, 55], [54, 69]], "missing_branches": []}, "ClaudeContextualizer.contextualize_single": {"executed_lines": [82, 83, 86, 90, 91, 93, 110, 113, 115, 119], "summary": {"covered_lines": 10, "num_statements": 10, "percent_covered": 100.0, "percent_covered_display": "100", "missing_lines": 0, "excluded_lines": 0, "percent_statements_covered": 100.0, "percent_statements_covered_display": "100", "num_branches": 2, "num_partial_branches": 0, "covered_branches": 2, "missing_branches": 0, "percent_branches_covered": 100.0, "percent_branches_covered_display": "100"}, "missing_lines": [], "excluded_lines": [], "start_line": 71, "executed_branches": [[90, 91], [90, 93]], "missing_branches": []}, "ClaudeContextualizer.contextualize_sync": {"executed_lines": [133, 134, 136, 144, 146], "summary": {"covered_lines": 5, "num_statements": 5, "percent_covered": 100.0, "percent_covered_display": "100", "missing_lines": 0, "excluded_lines": 0, "percent_statements_covered": 100.0, "percent_statements_covered_display": "100", "num_branches": 0, "num_partial_branches": 0, "covered_branches": 0, "missing_branches": 0, "percent_branches_covered": 100.0, "percent_branches_covered_display": "100"}, "missing_lines": [], "excluded_lines": [], "start_line": 126, "executed_branches": [], "missing_branches": []}, "ClaudeContextualizer.get_stats": {"executed_lines": [155], "summary": {"covered_lines": 1, "num_statements": 1, "percent_covered": 100.0, "percent_covered_display": "100", "missing_lines": 0, "excluded_lines": 0, "percent_statements_covered": 100.0, "percent_statements_covered_display": "100", "num_branches": 0, "num_partial_branches": 0, "covered_branches": 0, "missing_branches": 0, "percent_branches_covered": 100.0, "percent_branches_covered_display": "100"}, "missing_lines": [], "excluded_lines": [], "start_line": 153, "executed_branches": [], "missing_branches": []}, "": {"executed_lines": [3, 5, 7, 9, 12, 28, 42, 71, 126, 153], "summary": {"covered_lines": 10, "num_statements": 10, "percent_covered": 100.0, "percent_covered_display": "100", "missing_lines": 0, "excluded_lines": 0, "percent_statements_covered": 100.0, "percent_statements_covered_display": "100", "num_branches": 0, "num_partial_branches": 0, "covered_branches": 0, "missing_branches": 0, "percent_branches_covered": 100.0, "percent_branches_covered_display": "100"}, "missing_lines": [], "excluded_lines": [], "start_line": 1, "executed_branches": [], "missing_branches": []}}, "classes": {"ClaudeContextualizer": {"executed_lines": [35, 36, 37, 38, 39, 40, 53, 54, 55, 56, 57, 58, 59, 61, 69, 82, 83, 86, 90, 91, 93, 110, 113, 115, 119, 133, 134, 136, 144, 146, 155], "summary": {"covered_lines": 31, "num_statements": 31, "percent_covered": 100.0, "percent_covered_display": "100", "missing_lines": 0, "excluded_lines": 0, "percent_statements_covered": 100.0, "percent_statements_covered_display": "100", "num_branches": 4, "num_partial_branches": 0, "covered_branches": 4, "missing_branches": 0, "percent_branches_covered": 100.0, "percent_branches_covered_display": "100"}, "missing_lines": [], "excluded_lines": [], "start_line": 12, "executed_branches": [[54, 55], [54, 69], [90, 91], [90, 93]], "missing_branches": []}, "": {"executed_lines": [3, 5, 7, 9, 12, 28, 42, 71, 126, 153], "summary": {"covered_lines": 10, "num_statements": 10, "percent_covered": 100.0, "percent_covered_display": "100", "missing_lines": 0, "excluded_lines": 0, "percent_statements_covered": 100.0, "percent_statements_covered_display": "100", "num_branches": 0, "num_partial_branches": 0, "covered_branches": 0, "missing_branches": 0, "percent_branches_covered": 100.0, "percent_branches_covered_display": "100"}, "missing_lines": [], "excluded_lines": [], "start_line": 1, "executed_branches": [], "missing_branches": []}}}, "src/contextualization/groq.py": {"executed_lines": [3, 5, 7, 9, 12, 24, 26, 27, 28, 29, 31, 38, 39, 40, 41, 42, 43, 44, 45, 53, 55, 62, 63, 65, 76, 77, 79, 86, 93, 94, 96, 106, 107, 109, 116, 118], "summary": {"covered_lines": 36, "num_statements": 36, "percent_covered": 100.0, "percent_covered_display": "100", "missing_lines": 0, "excluded_lines": 0, "percent_statements_covered": 100.0, "percent_statements_covered_display": "100", "num_branches": 6, "num_partial_branches": 0, "covered_branches": 6, "missing_branches": 0, "percent_branches_covered": 100.0, "percent_branches_covered_display": "100"}, "missing_lines": [], "excluded_lines": [], "executed_branches": [[39, 40], [39, 53], [76, 77], [76, 79], [106, 107], [106, 109]], "missing_branches": [], "functions": {"GroqContextualizer.__init__": {"executed_lines": [26, 27, 28, 29], "summary": {"covered_lines": 4, "num_statements": 4, "percent_covered": 100.0, "percent_covered_display": "100", "missing_lines": 0, "excluded_lines": 0, "percent_statements_covered": 100.0, "percent_statements_covered_display": "100", "num_branches": 0, "num_partial_branches": 0, "covered_branches": 0, "missing_branches": 0, "percent_branches_covered": 100.0, "percent_branches_covered_display": "100"}, "missing_lines": [], "excluded_lines": [], "start_line": 24, "executed_branches": [], "missing_branches": []}, "GroqContextualizer.contextualize": {"executed_lines": [38, 39, 40, 41, 42, 43, 44, 45, 53], "summary": {"covered_lines": 9, "num_statements": 9, "percent_covered": 100.0, "percent_covered_display": "100", "missing_lines": 0, "excluded_lines": 0, "percent_statements_covered": 100.0, "percent_statements_covered_display": "100", "num_branches": 2, "num_partial_branches": 0, "covered_branches": 2, "missing_branches": 0, "percent_branches_covered": 100.0, "percent_branches_covered_display": "100"}, "missing_lines": [], "excluded_lines": [], "start_line": 31, "executed_branches": [[39, 40], [39, 53]], "missing_branches": []}, "GroqContextualizer.contextualize_single": {"executed_lines": [62, 63, 65, 76, 77, 79], "summary": {"covered_lines": 6, "num_statements": 6, "percent_covered": 100.0, "percent_covered_display": "100", "missing_lines": 0, "excluded_lines": 0, "percent_statements_covered": 100.0, "percent_statements_covered_display": "100", "num_branches": 2, "num_partial_branches": 0, "covered_branches": 2, "missing_branches": 0, "percent_branches_covered": 100.0, "percent_branches_covered_display": "100"}, "missing_lines": [], "excluded_lines": [], "start_line": 55, "executed_branches": [[76, 77], [76, 79]], "missing_branches": []}, "GroqContextualizer.contextualize_sync": {"executed_lines": [93, 94, 96, 106, 107, 109], "summary": {"covered_lines": 6, "num_statements": 6, "percent_covered": 100.0, "percent_covered_display": "100", "missing_lines": 0, "excluded_lines": 0, "percent_statements_covered": 100.0, "percent_statements_covered_display": "100", "num_branches": 2, "num_partial_branches": 0, "covered_branches": 2, "missing_branches": 0, "percent_branches_covered": 100.0, "percent_branches_covered_display": "100"}, "missing_lines": [], "excluded_lines": [], "start_line": 86, "executed_branches": [[106, 107], [106, 109]], "missing_branches": []}, "GroqContextualizer.get_stats": {"executed_lines": [118], "summary": {"covered_lines": 1, "num_statements": 1, "percent_covered": 100.0, "percent_covered_display": "100", "missing_lines": 0, "excluded_lines": 0, "percent_statements_covered": 100.0, "percent_statements_covered_display": "100", "num_branches": 0, "num_partial_branches": 0, "covered_branches": 0, "missing_branches": 0, "percent_branches_covered": 100.0, "percent_branches_covered_display": "100"}, "missing_lines": [], "excluded_lines": [], "start_line": 116, "executed_branches": [], "missing_branches": []}, "": {"executed_lines": [3, 5, 7, 9, 12, 24, 31, 55, 86, 116], "summary": {"covered_lines": 10, "num_statements": 10, "percent_covered": 100.0, "percent_covered_display": "100", "missing_lines": 0, "excluded_lines": 0, "percent_statements_covered": 100.0, "percent_statements_covered_display": "100", "num_branches": 0, "num_partial_branches": 0, "covered_branches": 0, "missing_branches": 0, "percent_branches_covered": 100.0, "percent_branches_covered_display": "100"}, "missing_lines": [], "excluded_lines": [], "start_line": 1, "executed_branches": [], "missing_branches": []}}, "classes": {"GroqContextualizer": {"executed_lines": [26, 27, 28, 29, 38, 39, 40, 41, 42, 43, 44, 45, 53, 62, 63, 65, 76, 77, 79, 93, 94, 96, 106, 107, 109, 118], "summary": {"covered_lines": 26, "num_statements": 26, "percent_covered": 100.0, "percent_covered_display": "100", "missing_lines": 0, "excluded_lines": 0, "percent_statements_covered": 100.0, "percent_statements_covered_display": "100", "num_branches": 6, "num_partial_branches": 0, "covered_branches": 6, "missing_branches": 0, "percent_branches_covered": 100.0, "percent_branches_covered_display": "100"}, "missing_lines": [], "excluded_lines": [], "start_line": 12, "executed_branches": [[39, 40], [39, 53], [76, 77], [76, 79], [106, 107], [106, 109]], "missing_branches": []}, "": {"executed_lines": [3, 5, 7, 9, 12, 24, 31, 55, 86, 116], "summary": {"covered_lines": 10, "num_statements": 10, "percent_covered": 100.0, "percent_covered_display": "100", "missing_lines": 0, "excluded_lines": 0, "percent_statements_covered": 100.0, "percent_statements_covered_display": "100", "num_branches": 0, "num_partial_branches": 0, "covered_branches": 0, "missing_branches": 0, "percent_branches_covered": 100.0, "percent_branches_covered_display": "100"}, "missing_lines": [], "excluded_lines": [], "start_line": 1, "executed_branches": [], "missing_branches": []}}}, "src/contextualization/openai.py": {"executed_lines": [3, 5, 7, 9, 12, 22, 24, 25, 26, 27, 28, 30, 37, 38, 39, 40, 41, 42, 43, 44, 52, 54, 61, 62, 64, 75, 76, 78, 80, 87, 94, 95, 97, 107, 108, 110, 117, 119], "summary": {"covered_lines": 38, "num_statements": 38, "percent_covered": 100.0, "percent_covered_display": "100", "missing_lines": 0, "excluded_lines": 0, "percent_statements_covered": 100.0, "percent_statements_covered_display": "100", "num_branches": 2, "num_partial_branches": 0, "covered_branches": 2, "missing_branches": 0, "percent_branches_covered": 100.0, "percent_branches_covered_display": "100"}, "missing_lines": [], "excluded_lines": [], "executed_branches": [[38, 39], [38, 52]], "missing_branches": [], "functions": {"OpenAIContextualizer.__init__": {"executed_lines": [24, 25, 26, 27, 28], "summary": {"covered_lines": 5, "num_statements": 5, "percent_covered": 100.0, "percent_covered_display": "100", "missing_lines": 0, "excluded_lines": 0, "percent_statements_covered": 100.0, "percent_statements_covered_display": "100", "num_branches": 0, "num_partial_branches": 0, "covered_branches": 0, "missing_branches": 0, "percent_branches_covered": 100.0, "percent_branches_covered_display": "100"}, "missing_lines": [], "excluded_lines": [], "start_line": 22, "executed_branches": [], "missing_branches": []}, "OpenAIContextualizer.contextualize": {"executed_lines": [37, 38, 39, 40, 41, 42, 43, 44, 52], "summary": {"covered_lines": 9, "num_statements": 9, "percent_covered": 100.0, "percent_covered_display": "100", "missing_lines": 0, "excluded_lines": 0, "percent_statements_covered": 100.0, "percent_statements_covered_display": "100", "num_branches": 2, "num_partial_branches": 0, "covered_branches": 2, "missing_branches": 0, "percent_branches_covered": 100.0, "percent_branches_covered_display": "100"}, "missing_lines": [], "excluded_lines": [], "start_line": 30, "executed_branches": [[38, 39], [38, 52]], "missing_branches": []}, "OpenAIContextualizer.contextualize_single": {"executed_lines": [61, 62, 64, 75, 76, 78, 80], "summary": {"covered_lines": 7, "num_statements": 7, "percent_covered": 100.0, "percent_covered_display": "100", "missing_lines": 0, "excluded_lines": 0, "percent_statements_covered": 100.0, "percent_statements_covered_display": "100", "num_branches": 0, "num_partial_branches": 0, "covered_branches": 0, "missing_branches": 0, "percent_branches_covered": 100.0, "percent_branches_covered_display": "100"}, "missing_lines": [], "excluded_lines": [], "start_line": 54, "executed_branches": [], "missing_branches": []}, "OpenAIContextualizer.contextualize_sync": {"executed_lines": [94, 95, 97, 107, 108, 110], "summary": {"covered_lines": 6, "num_statements": 6, "percent_covered": 100.0, "percent_covered_display": "100", "missing_lines": 0, "excluded_lines": 0, "percent_statements_covered": 100.0, "percent_statements_covered_display": "100", "num_branches": 0, "num_partial_branches": 0, "covered_branches": 0, "missing_branches": 0, "percent_branches_covered": 100.0, "percent_branches_covered_display": "100"}, "missing_lines": [], "excluded_lines": [], "start_line": 87, "executed_branches": [], "missing_branches": []}, "OpenAIContextualizer.get_stats": {"executed_lines": [119], "summary": {"covered_lines": 1, "num_statements": 1, "percent_covered": 100.0, "percent_covered_display": "100", "missing_lines": 0, "excluded_lines": 0, "percent_statements_covered": 100.0, "percent_statements_covered_display": "100", "num_branches": 0, "num_partial_branches": 0, "covered_branches": 0, "missing_branches": 0, "percent_branches_covered": 100.0, "percent_branches_covered_display": "100"}, "missing_lines": [], "excluded_lines": [], "start_line": 117, "executed_branches": [], "missing_branches": []}, "": {"executed_lines": [3, 5, 7, 9, 12, 22, 30, 54, 87, 117], "summary": {"covered_lines": 10, "num_statements": 10, "percent_covered": 100.0, "percent_covered_display": "100", "missing_lines": 0, "excluded_lines": 0, "percent_statements_covered": 100.0, "percent_statements_covered_display": "100", "num_branches": 0, "num_partial_branches": 0, "covered_branches": 0, "missing_branches": 0, "percent_branches_covered": 100.0, "percent_branches_covered_display": "100"}, "missing_lines": [], "excluded_lines": [], "start_line": 1, "executed_branches": [], "missing_branches": []}}, "classes": {"OpenAIContextualizer": {"executed_lines": [24, 25, 26, 27, 28, 37, 38, 39, 40, 41, 42, 43, 44, 52, 61, 62, 64, 75, 76, 78, 80, 94, 95, 97, 107, 108, 110, 119], "summary": {"covered_lines": 28, "num_statements": 28, "percent_covered": 100.0, "percent_covered_display": "100", "missing_lines": 0, "excluded_lines": 0, "percent_statements_covered": 100.0, "percent_statements_covered_display": "100", "num_branches": 2, "num_partial_branches": 0, "covered_branches": 2, "missing_branches": 0, "percent_branches_covered": 100.0, "percent_branches_covered_display": "100"}, "missing_lines": [], "excluded_lines": [], "start_line": 12, "executed_branches": [[38, 39], [38, 52]], "missing_branches": []}, "": {"executed_lines": [3, 5, 7, 9, 12, 22, 30, 54, 87, 117], "summary": {"covered_lines": 10, "num_statements": 10, "percent_covered": 100.0, "percent_covered_display": "100", "missing_lines": 0, "excluded_lines": 0, "percent_statements_covered": 100.0, "percent_statements_covered_display": "100", "num_branches": 0, "num_partial_branches": 0, "covered_branches": 0, "missing_branches": 0, "percent_branches_covered": 100.0, "percent_branches_covered_display": "100"}, "missing_lines": [], "excluded_lines": [], "start_line": 1, "executed_branches": [], "missing_branches": []}}}, "src/core/__init__.py": {"executed_lines": [3, 6], "summary": {"covered_lines": 2, "num_statements": 2, "percent_covered": 100.0, "percent_covered_display": "100", "missing_lines": 0, "excluded_lines": 0, "percent_statements_covered": 100.0, "percent_statements_covered_display": "100", "num_branches": 0, "num_partial_branches": 0, "covered_branches": 0, "missing_branches": 0, "percent_branches_covered": 100.0, "percent_branches_covered_display": "100"}, "missing_lines": [], "excluded_lines": [], "executed_branches": [], "missing_branches": [], "functions": {"": {"executed_lines": [3, 6], "summary": {"covered_lines": 2, "num_statements": 2, "percent_covered": 100.0, "percent_covered_display": "100", "missing_lines": 0, "excluded_lines": 0, "percent_statements_covered": 100.0, "percent_statements_covered_display": "100", "num_branches": 0, "num_partial_branches": 0, "covered_branches": 0, "missing_branches": 0, "percent_branches_covered": 100.0, "percent_branches_covered_display": "100"}, "missing_lines": [], "excluded_lines": [], "start_line": 1, "executed_branches": [], "missing_branches": []}}, "classes": {"": {"executed_lines": [3, 6], "summary": {"covered_lines": 2, "num_statements": 2, "percent_covered": 100.0, "percent_covered_display": "100", "missing_lines": 0, "excluded_lines": 0, "percent_statements_covered": 100.0, "percent_statements_covered_display": "100", "num_branches": 0, "num_partial_branches": 0, "covered_branches": 0, "missing_branches": 0, "percent_branches_covered": 100.0, "percent_branches_covered_display": "100"}, "missing_lines": [], "excluded_lines": [], "start_line": 1, "executed_branches": [], "missing_branches": []}}}, "src/core/pipeline.py": {"executed_lines": [3, 4, 5, 7, 8, 13, 14, 15, 18, 19, 22, 23, 24, 25, 26, 29, 46, 53, 56, 57, 60, 63, 64, 65, 67, 69, 70, 71, 72, 73, 74, 78, 95, 97, 98, 102, 104, 117, 118, 123, 133, 136, 138, 140, 156, 173, 176, 182, 183, 184, 186, 189, 195, 196, 197, 200, 205, 212, 227, 228, 229, 230, 233, 234, 235, 237, 244, 252, 260, 262, 273], "summary": {"covered_lines": 71, "num_statements": 85, "percent_covered": 81.55339805825243, "percent_covered_display": "82", "missing_lines": 14, "excluded_lines": 2, "percent_statements_covered": 83.52941176470588, "percent_statements_covered_display": "84", "num_branches": 18, "num_partial_branches": 3, "covered_branches": 13, "missing_branches": 5, "percent_branches_covered": 72.22222222222223, "percent_branches_covered_display": "72"}, "missing_lines": [76, 106, 107, 276, 279, 280, 282, 283, 284, 285, 286, 287, 288, 289], "excluded_lines": [292, 293], "executed_branches": [[69, 70], [69, 71], [71, 72], [71, 73], [73, 74], [104, 117], [133, 136], [133, 138], [183, 184], [183, 200], [228, 229], [228, 233], [234, 235]], "missing_branches": [[73, 76], [104, 106], [234, 237], [287, -273], [287, 288]], "functions": {"RAGPipeline.__init__": {"executed_lines": [53, 56, 57, 60, 63, 64, 65], "summary": {"covered_lines": 7, "num_statements": 7, "percent_covered": 100.0, "percent_covered_display": "100", "missing_lines": 0, "excluded_lines": 0, "percent_statements_covered": 100.0, "percent_statements_covered_display": "100", "num_branches": 0, "num_partial_branches": 0, "covered_branches": 0, "missing_branches": 0, "percent_branches_covered": 100.0, "percent_branches_covered_display": "100"}, "missing_lines": [], "excluded_lines": [], "start_line": 46, "executed_branches": [], "missing_branches": []}, "RAGPipeline._create_contextualizer": {"executed_lines": [69, 70, 71, 72, 73, 74], "summary": {"covered_lines": 6, "num_statements": 7, "percent_covered": 84.61538461538461, "percent_covered_display": "85", "missing_lines": 1, "excluded_lines": 0, "percent_statements_covered": 85.71428571428571, "percent_statements_covered_display": "86", "num_branches": 6, "num_partial_branches": 1, "covered_branches": 5, "missing_branches": 1, "percent_branches_covered": 83.33333333333333, "percent_branches_covered_display": "83"}, "missing_lines": [76], "excluded_lines": [], "start_line": 67, "executed_branches": [[69, 70], [69, 71], [71, 72], [71, 73], [73, 74]], "missing_branches": [[73, 76]]}, "RAGPipeline.search": {"executed_lines": [95, 97, 98, 102, 104, 117, 118, 123, 133, 136, 138, 140], "summary": {"covered_lines": 12, "num_statements": 14, "percent_covered": 83.33333333333333, "percent_covered_display": "83", "missing_lines": 2, "excluded_lines": 0, "percent_statements_covered": 85.71428571428571, "percent_statements_covered_display": "86", "num_branches": 4, "num_partial_branches": 1, "covered_branches": 3, "missing_branches": 1, "percent_branches_covered": 75.0, "percent_branches_covered_display": "75"}, "missing_lines": [106, 107], "excluded_lines": [], "start_line": 78, "executed_branches": [[104, 117], [133, 136], [133, 138]], "missing_branches": [[104, 106]]}, "RAGPipeline.index_documents": {"executed_lines": [173, 176, 182, 183, 184, 186, 189, 195, 196, 197, 200, 205], "summary": {"covered_lines": 12, "num_statements": 12, "percent_covered": 100.0, "percent_covered_display": "100", "missing_lines": 0, "excluded_lines": 0, "percent_statements_covered": 100.0, "percent_statements_covered_display": "100", "num_branches": 2, "num_partial_branches": 0, "covered_branches": 2, "missing_branches": 0, "percent_branches_covered": 100.0, "percent_branches_covered_display": "100"}, "missing_lines": [], "excluded_lines": [], "start_line": 156, "executed_branches": [[183, 184], [183, 200]], "missing_branches": []}, "RAGPipeline.evaluate": {"executed_lines": [227, 228, 229, 230, 233, 234, 235, 237], "summary": {"covered_lines": 8, "num_statements": 8, "percent_covered": 91.66666666666667, "percent_covered_display": "92", "missing_lines": 0, "excluded_lines": 0, "percent_statements_covered": 100.0, "percent_statements_covered_display": "100", "num_branches": 4, "num_partial_branches": 1, "covered_branches": 3, "missing_branches": 1, "percent_branches_covered": 75.0, "percent_branches_covered_display": "75"}, "missing_lines": [], "excluded_lines": [], "start_line": 212, "executed_branches": [[228, 229], [228, 233], [234, 235]], "missing_branches": [[234, 237]]}, "RAGPipeline._compute_metrics": {"executed_lines": [252], "summary": {"covered_lines": 1, "num_statements": 1, "percent_covered": 100.0, "percent_covered_display": "100", "missing_lines": 0, "excluded_lines": 0, "percent_statements_covered": 100.0, "percent_statements_covered_display": "100", "num_branches": 0, "num_partial_branches": 0, "covered_branches": 0, "missing_branches": 0, "percent_branches_covered": 100.0, "percent_branches_covered_display": "100"}, "missing_lines": [], "excluded_lines": [], "start_line": 244, "executed_branches": [], "missing_branches": []}, "RAGPipeline.get_stats": {"executed_lines": [262], "summary": {"covered_lines": 1, "num_statements": 1, "percent_covered": 100.0, "percent_covered_display": "100", "missing_lines": 0, "excluded_lines": 0, "percent_statements_covered": 100.0, "percent_statements_covered_display": "100", "num_branches": 0, "num_partial_branches": 0, "covered_branches": 0, "missing_branches": 0, "percent_branches_covered": 100.0, "percent_branches_covered_display": "100"}, "missing_lines": [], "excluded_lines": [], "start_line": 260, "executed_branches": [], "missing_branches": []}, "main": {"executed_lines": [], "summary": {"covered_lines": 0, "num_statements": 11, "percent_covered": 0.0, "percent_covered_display": "0", "missing_lines": 11, "excluded_lines": 0, "percent_statements_covered": 0.0, "percent_statements_covered_display": "0", "num_branches": 2, "num_partial_branches": 0, "covered_branches": 0, "missing_branches": 2, "percent_branches_covered": 0.0, "percent_branches_covered_display": "0"}, "missing_lines": [276, 279, 280, 282, 283, 284, 285, 286, 287, 288, 289], "excluded_lines": [], "start_line": 273, "executed_branches": [], "missing_branches": [[287, -273], [287, 288]]}, "": {"executed_lines": [3, 4, 5, 7, 8, 13, 14, 15, 18, 19, 22, 23, 24, 25, 26, 29, 46, 67, 78, 156, 212, 244, 260, 273], "summary": {"covered_lines": 24, "num_statements": 24, "percent_covered": 100.0, "percent_covered_display": "100", "missing_lines": 0, "excluded_lines": 2, "percent_statements_covered": 100.0, "percent_statements_covered_display": "100", "num_branches": 0, "num_partial_branches": 0, "covered_branches": 0, "missing_branches": 0, "percent_branches_covered": 100.0, "percent_branches_covered_display": "100"}, "missing_lines": [], "excluded_lines": [292, 293], "start_line": 1, "executed_branches": [], "missing_branches": []}}, "classes": {"RAGResult": {"executed_lines": [], "summary": {"covered_lines": 0, "num_statements": 0, "percent_covered": 100.0, "percent_covered_display": "100", "missing_lines": 0, "excluded_lines": 0, "percent_statements_covered": 100.0, "percent_statements_covered_display": "100", "num_branches": 0, "num_partial_branches": 0, "covered_branches": 0, "missing_branches": 0, "percent_branches_covered": 100.0, "percent_branches_covered_display": "100"}, "missing_lines": [], "excluded_lines": [], "start_line": 19, "executed_branches": [], "missing_branches": []}, "RAGPipeline": {"executed_lines": [53, 56, 57, 60, 63, 64, 65, 69, 70, 71, 72, 73, 74, 95, 97, 98, 102, 104, 117, 118, 123, 133, 136, 138, 140, 173, 176, 182, 183, 184, 186, 189, 195, 196, 197, 200, 205, 227, 228, 229, 230, 233, 234, 235, 237, 252, 262], "summary": {"covered_lines": 47, "num_statements": 50, "percent_covered": 90.9090909090909, "percent_covered_display": "91", "missing_lines": 3, "excluded_lines": 0, "percent_statements_covered": 94.0, "percent_statements_covered_display": "94", "num_branches": 16, "num_partial_branches": 3, "covered_branches": 13, "missing_branches": 3, "percent_branches_covered": 81.25, "percent_branches_covered_display": "81"}, "missing_lines": [76, 106, 107], "excluded_lines": [], "start_line": 29, "executed_branches": [[69, 70], [69, 71], [71, 72], [71, 73], [73, 74], [104, 117], [133, 136], [133, 138], [183, 184], [183, 200], [228, 229], [228, 233], [234, 235]], "missing_branches": [[73, 76], [104, 106], [234, 237]]}, "": {"executed_lines": [3, 4, 5, 7, 8, 13, 14, 15, 18, 19, 22, 23, 24, 25, 26, 29, 46, 67, 78, 156, 212, 244, 260, 273], "summary": {"covered_lines": 24, "num_statements": 35, "percent_covered": 64.86486486486487, "percent_covered_display": "65", "missing_lines": 11, "excluded_lines": 2, "percent_statements_covered": 68.57142857142857, "percent_statements_covered_display": "69", "num_branches": 2, "num_partial_branches": 0, "covered_branches": 0, "missing_branches": 2, "percent_branches_covered": 0.0, "percent_branches_covered_display": "0"}, "missing_lines": [276, 279, 280, 282, 283, 284, 285, 286, 287, 288, 289], "excluded_lines": [292, 293], "start_line": 1, "executed_branches": [], "missing_branches": [[287, -273], [287, 288]]}}}, "src/evaluation/__init__.py": {"executed_lines": [], "summary": {"covered_lines": 0, "num_statements": 0, "percent_covered": 100.0, "percent_covered_display": "100", "missing_lines": 0, "excluded_lines": 0, "percent_statements_covered": 100.0, "percent_statements_covered_display": "100", "num_branches": 0, "num_partial_branches": 0, "covered_branches": 0, "missing_branches": 0, "percent_branches_covered": 100.0, "percent_branches_covered_display": "100"}, "missing_lines": [], "excluded_lines": [], "executed_branches": [], "missing_branches": [], "functions": {"": {"executed_lines": [], "summary": {"covered_lines": 0, "num_statements": 0, "percent_covered": 100.0, "percent_covered_display": "100", "missing_lines": 0, "excluded_lines": 0, "percent_statements_covered": 100.0, "percent_statements_covered_display": "100", "num_branches": 0, "num_partial_branches": 0, "covered_branches": 0, "missing_branches": 0, "percent_branches_covered": 100.0, "percent_branches_covered_display": "100"}, "missing_lines": [], "excluded_lines": [], "start_line": 1, "executed_branches": [], "missing_branches": []}}, "classes": {"": {"executed_lines": [], "summary": {"covered_lines": 0, "num_statements": 0, "percent_covered": 100.0, "percent_covered_display": "100", "missing_lines": 0, "excluded_lines": 0, "percent_statements_covered": 100.0, "percent_statements_covered_display": "100", "num_branches": 0, "num_partial_branches": 0, "covered_branches": 0, "missing_branches": 0, "percent_branches_covered": 100.0, "percent_branches_covered_display": "100"}, "missing_lines": [], "excluded_lines": [], "start_line": 1, "executed_branches": [], "missing_branches": []}}}, "src/evaluation/config_snapshot.py": {"executed_lines": [18, 19, 20, 23, 124, 136, 137, 140, 171], "summary": {"covered_lines": 9, "num_statements": 19, "percent_covered": 33.333333333333336, "percent_covered_display": "33", "missing_lines": 10, "excluded_lines": 26, "percent_statements_covered": 47.36842105263158, "percent_statements_covered_display": "47", "num_branches": 8, "num_partial_branches": 0, "covered_branches": 0, "missing_branches": 8, "percent_branches_covered": 0.0, "percent_branches_covered_display": "0"}, "missing_lines": [147, 182, 183, 184, 185, 188, 189, 192, 193, 195], "excluded_lines": [198, 199, 200, 201, 203, 205, 206, 207, 208, 210, 211, 212, 214, 215, 216, 218, 219, 220, 222, 223, 224, 225, 227, 228, 229, 230], "executed_branches": [], "missing_branches": [[183, 184], [183, 188], [184, 183], [184, 185], [188, 189], [188, 192], [192, 193], [192, 195]], "functions": {"get_config_hash": {"executed_lines": [136, 137], "summary": {"covered_lines": 2, "num_statements": 2, "percent_covered": 100.0, "percent_covered_display": "100", "missing_lines": 0, "excluded_lines": 0, "percent_statements_covered": 100.0, "percent_statements_covered_display": "100", "num_branches": 0, "num_partial_branches": 0, "covered_branches": 0, "missing_branches": 0, "percent_branches_covered": 100.0, "percent_branches_covered_display": "100"}, "missing_lines": [], "excluded_lines": [], "start_line": 124, "executed_branches": [], "missing_branches": []}, "get_config_summary": {"executed_lines": [], "summary": {"covered_lines": 0, "num_statements": 1, "percent_covered": 0.0, "percent_covered_display": "0", "missing_lines": 1, "excluded_lines": 0, "percent_statements_covered": 0.0, "percent_statements_covered_display": "0", "num_branches": 0, "num_partial_branches": 0, "covered_branches": 0, "missing_branches": 0, "percent_branches_covered": 100.0, "percent_branches_covered_display": "100"}, "missing_lines": [147], "excluded_lines": [], "start_line": 140, "executed_branches": [], "missing_branches": []}, "validate_config": {"executed_lines": [], "summary": {"covered_lines": 0, "num_statements": 9, "percent_covered": 0.0, "percent_covered_display": "0", "missing_lines": 9, "excluded_lines": 0, "percent_statements_covered": 0.0, "percent_statements_covered_display": "0", "num_branches": 8, "num_partial_branches": 0, "covered_branches": 0, "missing_branches": 8, "percent_branches_covered": 0.0, "percent_branches_covered_display": "0"}, "missing_lines": [182, 183, 184, 185, 188, 189, 192, 193, 195], "excluded_lines": [], "start_line": 171, "executed_branches": [], "missing_branches": [[183, 184], [183, 188], [184, 183], [184, 185], [188, 189], [188, 192], [192, 193], [192, 195]]}, "": {"executed_lines": [18, 19, 20, 23, 124, 140, 171], "summary": {"covered_lines": 7, "num_statements": 7, "percent_covered": 100.0, "percent_covered_display": "100", "missing_lines": 0, "excluded_lines": 26, "percent_statements_covered": 100.0, "percent_statements_covered_display": "100", "num_branches": 0, "num_partial_branches": 0, "covered_branches": 0, "missing_branches": 0, "percent_branches_covered": 100.0, "percent_branches_covered_display": "100"}, "missing_lines": [], "excluded_lines": [198, 199, 200, 201, 203, 205, 206, 207, 208, 210, 211, 212, 214, 215, 216, 218, 219, 220, 222, 223, 224, 225, 227, 228, 229, 230], "start_line": 1, "executed_branches": [], "missing_branches": []}}, "classes": {"": {"executed_lines": [18, 19, 20, 23, 124, 136, 137, 140, 171], "summary": {"covered_lines": 9, "num_statements": 19, "percent_covered": 33.333333333333336, "percent_covered_display": "33", "missing_lines": 10, "excluded_lines": 26, "percent_statements_covered": 47.36842105263158, "percent_statements_covered_display": "47", "num_branches": 8, "num_partial_branches": 0, "covered_branches": 0, "missing_branches": 8, "percent_branches_covered": 0.0, "percent_branches_covered_display": "0"}, "missing_lines": [147, 182, 183, 184, 185, 188, 189, 192, 193, 195], "excluded_lines": [198, 199, 200, 201, 203, 205, 206, 207, 208, 210, 211, 212, 214, 215, 216, 218, 219, 220, 222, 223, 224, 225, 227, 228, 229, 230], "start_line": 1, "executed_branches": [], "missing_branches": [[183, 184], [183, 188], [184, 183], [184, 185], [188, 189], [188, 192], [192, 193], [192, 195]]}}}, "src/evaluation/create_golden_set.py": {"executed_lines": [], "summary": {"covered_lines": 0, "num_statements": 28, "percent_covered": 0.0, "percent_covered_display": "0", "missing_lines": 28, "excluded_lines": 2, "percent_statements_covered": 0.0, "percent_statements_covered_display": "0", "num_branches": 10, "num_partial_branches": 0, "covered_branches": 0, "missing_branches": 10, "percent_branches_covered": 0.0, "percent_branches_covered_display": "0"}, "missing_lines": [4, 5, 8, 20, 23, 75, 76, 87, 110, 111, 122, 135, 136, 147, 160, 161, 172, 185, 186, 197, 218, 219, 221, 222, 224, 225, 226, 227], "excluded_lines": [230, 231], "executed_branches": [], "missing_branches": [[75, 76], [75, 87], [110, 111], [110, 122], [135, 136], [135, 147], [160, 161], [160, 172], [185, 186], [185, 197]], "functions": {"create_golden_test_set": {"executed_lines": [], "summary": {"covered_lines": 0, "num_statements": 25, "percent_covered": 0.0, "percent_covered_display": "0", "missing_lines": 25, "excluded_lines": 0, "percent_statements_covered": 0.0, "percent_statements_covered_display": "0", "num_branches": 10, "num_partial_branches": 0, "covered_branches": 0, "missing_branches": 10, "percent_branches_covered": 0.0, "percent_branches_covered_display": "0"}, "missing_lines": [20, 23, 75, 76, 87, 110, 111, 122, 135, 136, 147, 160, 161, 172, 185, 186, 197, 218, 219, 221, 222, 224, 225, 226, 227], "excluded_lines": [], "start_line": 8, "executed_branches": [], "missing_branches": [[75, 76], [75, 87], [110, 111], [110, 122], [135, 136], [135, 147], [160, 161], [160, 172], [185, 186], [185, 197]]}, "": {"executed_lines": [], "summary": {"covered_lines": 0, "num_statements": 3, "percent_covered": 0.0, "percent_covered_display": "0", "missing_lines": 3, "excluded_lines": 2, "percent_statements_covered": 0.0, "percent_statements_covered_display": "0", "num_branches": 0, "num_partial_branches": 0, "covered_branches": 0, "missing_branches": 0, "percent_branches_covered": 100.0, "percent_branches_covered_display": "100"}, "missing_lines": [4, 5, 8], "excluded_lines": [230, 231], "start_line": 1, "executed_branches": [], "missing_branches": []}}, "classes": {"": {"executed_lines": [], "summary": {"covered_lines": 0, "num_statements": 28, "percent_covered": 0.0, "percent_covered_display": "0", "missing_lines": 28, "excluded_lines": 2, "percent_statements_covered": 0.0, "percent_statements_covered_display": "0", "num_branches": 10, "num_partial_branches": 0, "covered_branches": 0, "missing_branches": 10, "percent_branches_covered": 0.0, "percent_branches_covered_display": "0"}, "missing_lines": [4, 5, 8, 20, 23, 75, 76, 87, 110, 111, 122, 135, 136, 147, 160, 161, 172, 185, 186, 197, 218, 219, 221, 222, 224, 225, 226, 227], "excluded_lines": [230, 231], "start_line": 1, "executed_branches": [], "missing_branches": [[75, 76], [75, 87], [110, 111], [110, 122], [135, 136], [135, 147], [160, 161], [160, 172], [185, 186], [185, 197]]}}}, "src/evaluation/evaluate_with_ragas.py": {"executed_lines": [], "summary": {"covered_lines": 0, "num_statements": 116, "percent_covered": 0.0, "percent_covered_display": "0", "missing_lines": 116, "excluded_lines": 11, "percent_statements_covered": 0.0, "percent_statements_covered_display": "0", "num_branches": 20, "num_partial_branches": 0, "covered_branches": 0, "missing_branches": 20, "percent_branches_covered": 0.0, "percent_branches_covered_display": "0"}, "missing_lines": [34, 35, 36, 37, 38, 39, 40, 42, 46, 49, 52, 53, 60, 82, 83, 84, 87, 88, 89, 90, 96, 97, 98, 99, 100, 103, 104, 105, 106, 108, 109, 110, 111, 112, 113, 116, 117, 118, 119, 120, 121, 122, 124, 127, 128, 129, 130, 132, 133, 135, 138, 139, 140, 141, 142, 145, 146, 153, 154, 155, 157, 160, 161, 164, 165, 166, 167, 171, 174, 177, 178, 179, 180, 182, 183, 184, 187, 188, 189, 192, 193, 195, 196, 206, 208, 209, 210, 213, 232, 233, 234, 235, 236, 237, 238, 239, 240, 241, 244, 245, 246, 248, 250, 261, 264, 267, 269, 270, 273, 274, 275, 277, 286, 287, 289, 291], "excluded_lines": [298, 299, 300, 306, 311, 316, 321, 326, 331, 333, 342], "executed_branches": [], "missing_branches": [[103, 104], [103, 108], [117, 118], [117, 119], [119, 120], [119, 121], [121, 122], [121, 124], [132, 133], [132, 135], [139, 140], [139, 145], [153, 154], [153, 187], [165, 166], [165, 171], [244, 245], [244, 273], [273, 274], [273, 291]], "functions": {"evaluate_with_ragas": {"executed_lines": [], "summary": {"covered_lines": 0, "num_statements": 103, "percent_covered": 0.0, "percent_covered_display": "0", "missing_lines": 103, "excluded_lines": 0, "percent_statements_covered": 0.0, "percent_statements_covered_display": "0", "num_branches": 20, "num_partial_branches": 0, "covered_branches": 0, "missing_branches": 20, "percent_branches_covered": 0.0, "percent_branches_covered_display": "0"}, "missing_lines": [82, 83, 84, 87, 88, 89, 90, 96, 97, 98, 99, 100, 103, 104, 105, 106, 108, 109, 110, 111, 112, 113, 116, 117, 118, 119, 120, 121, 122, 124, 127, 128, 129, 130, 132, 133, 135, 138, 139, 140, 141, 142, 145, 146, 153, 154, 155, 157, 160, 161, 164, 165, 166, 167, 171, 174, 177, 178, 179, 180, 182, 183, 184, 187, 188, 189, 192, 193, 195, 196, 206, 208, 209, 210, 213, 232, 233, 234, 235, 236, 237, 238, 239, 240, 241, 244, 245, 246, 248, 250, 261, 264, 267, 269, 270, 273, 274, 275, 277, 286, 287, 289, 291], "excluded_lines": [], "start_line": 60, "executed_branches": [], "missing_branches": [[103, 104], [103, 108], [117, 118], [117, 119], [119, 120], [119, 121], [121, 122], [121, 124], [132, 133], [132, 135], [139, 140], [139, 145], [153, 154], [153, 187], [165, 166], [165, 171], [244, 245], [244, 273], [273, 274], [273, 291]]}, "": {"executed_lines": [], "summary": {"covered_lines": 0, "num_statements": 13, "percent_covered": 0.0, "percent_covered_display": "0", "missing_lines": 13, "excluded_lines": 11, "percent_statements_covered": 0.0, "percent_statements_covered_display": "0", "num_branches": 0, "num_partial_branches": 0, "covered_branches": 0, "missing_branches": 0, "percent_branches_covered": 100.0, "percent_branches_covered_display": "100"}, "missing_lines": [34, 35, 36, 37, 38, 39, 40, 42, 46, 49, 52, 53, 60], "excluded_lines": [298, 299, 300, 306, 311, 316, 321, 326, 331, 333, 342], "start_line": 1, "executed_branches": [], "missing_branches": []}}, "classes": {"": {"executed_lines": [], "summary": {"covered_lines": 0, "num_statements": 116, "percent_covered": 0.0, "percent_covered_display": "0", "missing_lines": 116, "excluded_lines": 11, "percent_statements_covered": 0.0, "percent_statements_covered_display": "0", "num_branches": 20, "num_partial_branches": 0, "covered_branches": 0, "missing_branches": 20, "percent_branches_covered": 0.0, "percent_branches_covered_display": "0"}, "missing_lines": [34, 35, 36, 37, 38, 39, 40, 42, 46, 49, 52, 53, 60, 82, 83, 84, 87, 88, 89, 90, 96, 97, 98, 99, 100, 103, 104, 105, 106, 108, 109, 110, 111, 112, 113, 116, 117, 118, 119, 120, 121, 122, 124, 127, 128, 129, 130, 132, 133, 135, 138, 139, 140, 141, 142, 145, 146, 153, 154, 155, 157, 160, 161, 164, 165, 166, 167, 171, 174, 177, 178, 179, 180, 182, 183, 184, 187, 188, 189, 192, 193, 195, 196, 206, 208, 209, 210, 213, 232, 233, 234, 235, 236, 237, 238, 239, 240, 241, 244, 245, 246, 248, 250, 261, 264, 267, 269, 270, 273, 274, 275, 277, 286, 287, 289, 291], "excluded_lines": [298, 299, 300, 306, 311, 316, 321, 326, 331, 333, 342], "start_line": 1, "executed_branches": [], "missing_branches": [[103, 104], [103, 108], [117, 118], [117, 119], [119, 120], [119, 121], [121, 122], [121, 124], [132, 133], [132, 135], [139, 140], [139, 145], [153, 154], [153, 187], [165, 166], [165, 171], [244, 245], [244, 273], [273, 274], [273, 291]]}}}, "src/evaluation/evaluator.py": {"executed_lines": [13, 14, 16, 17, 20, 23, 30, 31, 33, 47, 48, 49, 50, 52, 59, 60, 63, 64, 65, 66, 67, 68, 69, 72, 75, 76, 77, 79, 81, 88, 91, 97, 100, 102, 119, 120, 121, 123, 124, 125, 129, 130, 131, 132, 133, 136, 138, 141, 142, 143, 144, 147, 148, 151, 152, 155, 156, 157, 158, 161, 162, 163, 166, 167, 168, 169, 170, 182, 183, 184, 185, 186, 198, 200, 202, 213, 221, 222, 223, 225, 227, 232, 236, 244, 245, 247, 248, 250, 251, 253, 255, 262], "summary": {"covered_lines": 92, "num_statements": 94, "percent_covered": 91.04477611940298, "percent_covered_display": "91", "missing_lines": 2, "excluded_lines": 11, "percent_statements_covered": 97.87234042553192, "percent_statements_covered_display": "98", "num_branches": 40, "num_partial_branches": 10, "covered_branches": 30, "missing_branches": 10, "percent_branches_covered": 75.0, "percent_branches_covered_display": "75"}, "missing_lines": [126, 127], "excluded_lines": [265, 267, 270, 272, 278, 279, 280, 281, 282, 283, 284], "executed_branches": [[47, 48], [47, 49], [59, 60], [59, 63], [75, 76], [75, 79], [119, 120], [123, 124], [123, 136], [125, 129], [141, 142], [141, 147], [143, 144], [147, 148], [151, 152], [155, 156], [155, 161], [157, 158], [161, 162], [166, 167], [168, 169], [168, 182], [182, 183], [184, 185], [184, 198], [221, 222], [221, 244], [225, 227], [225, 232], [247, 248]], "missing_branches": [[119, 121], [125, 126], [143, 141], [147, 151], [151, 155], [157, 155], [161, 166], [166, 182], [182, 198], [247, 262]], "functions": {"SearchEvaluator.__init__": {"executed_lines": [30, 31], "summary": {"covered_lines": 2, "num_statements": 2, "percent_covered": 100.0, "percent_covered_display": "100", "missing_lines": 0, "excluded_lines": 0, "percent_statements_covered": 100.0, "percent_statements_covered_display": "100", "num_branches": 0, "num_partial_branches": 0, "covered_branches": 0, "missing_branches": 0, "percent_branches_covered": 100.0, "percent_branches_covered_display": "10
[...]
m_partial_branches": 0, "covered_branches": 4, "missing_branches": 0, "percent_branches_covered": 100.0, "percent_branches_covered_display": "100"}, "missing_lines": [], "excluded_lines": [], "start_line": 86, "executed_branches": [[103, 104], [103, 106], [108, 109], [108, 120]], "missing_branches": []}, "VoyageService.embed_query": {"executed_lines": [150, 156], "summary": {"covered_lines": 2, "num_statements": 2, "percent_covered": 100.0, "percent_covered_display": "100", "missing_lines": 0, "excluded_lines": 0, "percent_statements_covered": 100.0, "percent_statements_covered_display": "100", "num_branches": 0, "num_partial_branches": 0, "covered_branches": 0, "missing_branches": 0, "percent_branches_covered": 100.0, "percent_branches_covered_display": "100"}, "missing_lines": [], "excluded_lines": [], "start_line": 135, "executed_branches": [], "missing_branches": []}, "VoyageService.rerank": {"executed_lines": [188, 189, 191, 199], "summary": {"covered_lines": 4, "num_statements": 4, "percent_covered": 100.0, "percent_covered_display": "100", "missing_lines": 0, "excluded_lines": 0, "percent_statements_covered": 100.0, "percent_statements_covered_display": "100", "num_branches": 2, "num_partial_branches": 0, "covered_branches": 2, "missing_branches": 0, "percent_branches_covered": 100.0, "percent_branches_covered_display": "100"}, "missing_lines": [], "excluded_lines": [], "start_line": 169, "executed_branches": [[188, 189], [188, 191]], "missing_branches": []}, "VoyageService.embed_documents_matryoshka": {"executed_lines": [250, 251, 255, 256, 258, 260, 261, 263, 270, 272, 276], "summary": {"covered_lines": 11, "num_statements": 11, "percent_covered": 100.0, "percent_covered_display": "100", "missing_lines": 0, "excluded_lines": 0, "percent_statements_covered": 100.0, "percent_statements_covered_display": "100", "num_branches": 6, "num_partial_branches": 0, "covered_branches": 6, "missing_branches": 0, "percent_branches_covered": 100.0, "percent_branches_covered_display": "100"}, "missing_lines": [], "excluded_lines": [], "start_line": 222, "executed_branches": [[250, 251], [250, 255], [255, 256], [255, 258], [260, 261], [260, 272]], "missing_branches": []}, "VoyageService.embed_query_matryoshka": {"executed_lines": [309, 310], "summary": {"covered_lines": 2, "num_statements": 4, "percent_covered": 50.0, "percent_covered_display": "50", "missing_lines": 2, "excluded_lines": 0, "percent_statements_covered": 50.0, "percent_statements_covered_display": "50", "num_branches": 2, "num_partial_branches": 1, "covered_branches": 1, "missing_branches": 1, "percent_branches_covered": 50.0, "percent_branches_covered_display": "50"}, "missing_lines": [314, 321], "excluded_lines": [], "start_line": 290, "executed_branches": [[309, 310]], "missing_branches": [[309, 314]]}, "VoyageService.embed_documents_sync": {"executed_lines": [330], "summary": {"covered_lines": 1, "num_statements": 1, "percent_covered": 100.0, "percent_covered_display": "100", "missing_lines": 0, "excluded_lines": 0, "percent_statements_covered": 100.0, "percent_statements_covered_display": "100", "num_branches": 0, "num_partial_branches": 0, "covered_branches": 0, "missing_branches": 0, "percent_branches_covered": 100.0, "percent_branches_covered_display": "100"}, "missing_lines": [], "excluded_lines": [], "start_line": 324, "executed_branches": [], "missing_branches": []}, "VoyageService.embed_query_sync": {"executed_lines": [334], "summary": {"covered_lines": 1, "num_statements": 1, "percent_covered": 100.0, "percent_covered_display": "100", "missing_lines": 0, "excluded_lines": 0, "percent_statements_covered": 100.0, "percent_statements_covered_display": "100", "num_branches": 0, "num_partial_branches": 0, "covered_branches": 0, "missing_branches": 0, "percent_branches_covered": 100.0, "percent_branches_covered_display": "100"}, "missing_lines": [], "excluded_lines": [], "start_line": 332, "executed_branches": [], "missing_branches": []}, "VoyageService.rerank_sync": {"executed_lines": [343], "summary": {"covered_lines": 1, "num_statements": 1, "percent_covered": 100.0, "percent_covered_display": "100", "missing_lines": 0, "excluded_lines": 0, "percent_statements_covered": 100.0, "percent_statements_covered_display": "100", "num_branches": 0, "num_partial_branches": 0, "covered_branches": 0, "missing_branches": 0, "percent_branches_covered": 100.0, "percent_branches_covered_display": "100"}, "missing_lines": [], "excluded_lines": [], "start_line": 336, "executed_branches": [], "missing_branches": []}, "VoyageService.embed_documents_matryoshka_sync": {"executed_lines": [], "summary": {"covered_lines": 0, "num_statements": 1, "percent_covered": 0.0, "percent_covered_display": "0", "missing_lines": 1, "excluded_lines": 0, "percent_statements_covered": 0.0, "percent_statements_covered_display": "0", "num_branches": 0, "num_partial_branches": 0, "covered_branches": 0, "missing_branches": 0, "percent_branches_covered": 100.0, "percent_branches_covered_display": "100"}, "missing_lines": [352], "excluded_lines": [], "start_line": 345, "executed_branches": [], "missing_branches": []}, "VoyageService.embed_query_matryoshka_sync": {"executed_lines": [], "summary": {"covered_lines": 0, "num_statements": 1, "percent_covered": 0.0, "percent_covered_display": "0", "missing_lines": 1, "excluded_lines": 0, "percent_statements_covered": 0.0, "percent_statements_covered_display": "0", "num_branches": 0, "num_partial_branches": 0, "covered_branches": 0, "missing_branches": 0, "percent_branches_covered": 100.0, "percent_branches_covered_display": "100"}, "missing_lines": [360], "excluded_lines": [], "start_line": 354, "executed_branches": [], "missing_branches": []}, "": {"executed_lines": [7, 8, 10, 11, 20, 23, 39, 42, 43, 45, 74, 86, 123, 135, 158, 169, 210, 222, 278, 290, 324, 332, 336, 345, 354], "summary": {"covered_lines": 25, "num_statements": 25, "percent_covered": 100.0, "percent_covered_display": "100", "missing_lines": 0, "excluded_lines": 0, "percent_statements_covered": 100.0, "percent_statements_covered_display": "100", "num_branches": 0, "num_partial_branches": 0, "covered_branches": 0, "missing_branches": 0, "percent_branches_covered": 100.0, "percent_branches_covered_display": "100"}, "missing_lines": [], "excluded_lines": [], "start_line": 1, "executed_branches": [], "missing_branches": []}}, "classes": {"VoyageService": {"executed_lines": [65, 66, 67, 68, 69, 103, 104, 106, 108, 109, 112, 118, 120, 121, 150, 156, 188, 189, 191, 199, 250, 251, 255, 256, 258, 260, 261, 263, 270, 272, 276, 309, 310, 330, 334, 343], "summary": {"covered_lines": 36, "num_statements": 40, "percent_covered": 90.74074074074075, "percent_covered_display": "91", "missing_lines": 4, "excluded_lines": 0, "percent_statements_covered": 90.0, "percent_statements_covered_display": "90", "num_branches": 14, "num_partial_branches": 1, "covered_branches": 13, "missing_branches": 1, "percent_branches_covered": 92.85714285714286, "percent_branches_covered_display": "93"}, "missing_lines": [314, 321, 352, 360], "excluded_lines": [], "start_line": 23, "executed_branches": [[103, 104], [103, 106], [108, 109], [108, 120], [188, 189], [188, 191], [250, 251], [250, 255], [255, 256], [255, 258], [260, 261], [260, 272], [309, 310]], "missing_branches": [[309, 314]]}, "": {"executed_lines": [7, 8, 10, 11, 20, 23, 39, 42, 43, 45, 74, 86, 123, 135, 158, 169, 210, 222, 278, 290, 324, 332, 336, 345, 354], "summary": {"covered_lines": 25, "num_statements": 25, "percent_covered": 100.0, "percent_covered_display": "100", "missing_lines": 0, "excluded_lines": 0, "percent_statements_covered": 100.0, "percent_statements_covered_display": "100", "num_branches": 0, "num_partial_branches": 0, "covered_branches": 0, "missing_branches": 0, "percent_branches_covered": 100.0, "percent_branches_covered_display": "100"}, "missing_lines": [], "excluded_lines": [], "start_line": 1, "executed_branches": [], "missing_branches": []}}}, "telegram_bot/setup_qdrant_indexes.py": {"executed_lines": [], "summary": {"covered_lines": 0, "num_statements": 42, "percent_covered": 0.0, "percent_covered_display": "0", "missing_lines": 42, "excluded_lines": 2, "percent_statements_covered": 0.0, "percent_statements_covered_display": "0", "num_branches": 6, "num_partial_branches": 0, "covered_branches": 0, "missing_branches": 6, "percent_branches_covered": 0.0, "percent_branches_covered_display": "0"}, "missing_lines": [4, 5, 9, 11, 13, 16, 18, 21, 22, 24, 26, 28, 29, 32, 91, 92, 93, 94, 95, 97, 98, 99, 100, 102, 108, 109, 111, 112, 113, 114, 115, 117, 119, 120, 121, 122, 123, 124, 125, 126, 127, 128], "excluded_lines": [131, 132], "executed_branches": [], "missing_branches": [[21, 22], [21, 24], [92, 93], [92, 119], [113, 114], [113, 117]], "functions": {"setup_indexes": {"executed_lines": [], "summary": {"covered_lines": 0, "num_statements": 36, "percent_covered": 0.0, "percent_covered_display": "0", "missing_lines": 36, "excluded_lines": 0, "percent_statements_covered": 0.0, "percent_statements_covered_display": "0", "num_branches": 6, "num_partial_branches": 0, "covered_branches": 0, "missing_branches": 6, "percent_branches_covered": 0.0, "percent_branches_covered_display": "0"}, "missing_lines": [18, 21, 22, 24, 26, 28, 29, 32, 91, 92, 93, 94, 95, 97, 98, 99, 100, 102, 108, 109, 111, 112, 113, 114, 115, 117, 119, 120, 121, 122, 123, 124, 125, 126, 127, 128], "excluded_lines": [], "start_line": 16, "executed_branches": [], "missing_branches": [[21, 22], [21, 24], [92, 93], [92, 119], [113, 114], [113, 117]]}, "": {"executed_lines": [], "summary": {"covered_lines": 0, "num_statements": 6, "percent_covered": 0.0, "percent_covered_display": "0", "missing_lines": 6, "excluded_lines": 2, "percent_statements_covered": 0.0, "percent_statements_covered_display": "0", "num_branches": 0, "num_partial_branches": 0, "covered_branches": 0, "missing_branches": 0, "percent_branches_covered": 100.0, "percent_branches_covered_display": "100"}, "missing_lines": [4, 5, 9, 11, 13, 16], "excluded_lines": [131, 132], "start_line": 1, "executed_branches": [], "missing_branches": []}}, "classes": {"": {"executed_lines": [], "summary": {"covered_lines": 0, "num_statements": 42, "percent_covered": 0.0, "percent_covered_display": "0", "missing_lines": 42, "excluded_lines": 2, "percent_statements_covered": 0.0, "percent_statements_covered_display": "0", "num_branches": 6, "num_partial_branches": 0, "covered_branches": 0, "missing_branches": 6, "percent_branches_covered": 0.0, "percent_branches_covered_display": "0"}, "missing_lines": [4, 5, 9, 11, 13, 16, 18, 21, 22, 24, 26, 28, 29, 32, 91, 92, 93, 94, 95, 97, 98, 99, 100, 102, 108, 109, 111, 112, 113, 114, 115, 117, 119, 120, 121, 122, 123, 124, 125, 126, 127, 128], "excluded_lines": [131, 132], "start_line": 1, "executed_branches": [], "missing_branches": [[21, 22], [21, 24], [92, 93], [92, 119], [113, 114], [113, 117]]}}}, "telegram_bot/test_bot_services.py": {"executed_lines": [], "summary": {"covered_lines": 0, "num_statements": 53, "percent_covered": 0.0, "percent_covered_display": "0", "missing_lines": 53, "excluded_lines": 2, "percent_statements_covered": 0.0, "percent_statements_covered_display": "0", "num_branches": 4, "num_partial_branches": 0, "covered_branches": 0, "missing_branches": 4, "percent_branches_covered": 0.0, "percent_branches_covered_display": "0"}, "missing_lines": [4, 6, 7, 10, 12, 13, 14, 15, 17, 20, 21, 23, 29, 30, 31, 32, 33, 36, 37, 39, 40, 41, 42, 43, 44, 45, 46, 47, 48, 51, 52, 58, 60, 61, 62, 64, 70, 71, 72, 73, 75, 76, 77, 78, 79, 80, 82, 83, 84, 87, 89, 90, 91], "excluded_lines": [94, 95], "executed_branches": [], "missing_branches": [[29, 30], [29, 36], [75, 76], [75, 87]], "functions": {"test_services": {"executed_lines": [], "summary": {"covered_lines": 0, "num_statements": 49, "percent_covered": 0.0, "percent_covered_display": "0", "missing_lines": 49, "excluded_lines": 0, "percent_statements_covered": 0.0, "percent_statements_covered_display": "0", "num_branches": 4, "num_partial_branches": 0, "covered_branches": 0, "missing_branches": 4, "percent_branches_covered": 0.0, "percent_branches_covered_display": "0"}, "missing_lines": [12, 13, 14, 15, 17, 20, 21, 23, 29, 30, 31, 32, 33, 36, 37, 39, 40, 41, 42, 43, 44, 45, 46, 47, 48, 51, 52, 58, 60, 61, 62, 64, 70, 71, 72, 73, 75, 76, 77, 78, 79, 80, 82, 83, 84, 87, 89, 90, 91], "excluded_lines": [], "start_line": 10, "executed_branches": [], "missing_branches": [[29, 30], [29, 36], [75, 76], [75, 87]]}, "": {"executed_lines": [], "summary": {"covered_lines": 0, "num_statements": 4, "percent_covered": 0.0, "percent_covered_display": "0", "missing_lines": 4, "excluded_lines": 2, "percent_statements_covered": 0.0, "percent_statements_covered_display": "0", "num_branches": 0, "num_partial_branches": 0, "covered_branches": 0, "missing_branches": 0, "percent_branches_covered": 100.0, "percent_branches_covered_display": "100"}, "missing_lines": [4, 6, 7, 10], "excluded_lines": [94, 95], "start_line": 1, "executed_branches": [], "missing_branches": []}}, "classes": {"": {"executed_lines": [], "summary": {"covered_lines": 0, "num_statements": 53, "percent_covered": 0.0, "percent_covered_display": "0", "missing_lines": 53, "excluded_lines": 2, "percent_statements_covered": 0.0, "percent_statements_covered_display": "0", "num_branches": 4, "num_partial_branches": 0, "covered_branches": 0, "missing_branches": 4, "percent_branches_covered": 0.0, "percent_branches_covered_display": "0"}, "missing_lines": [4, 6, 7, 10, 12, 13, 14, 15, 17, 20, 21, 23, 29, 30, 31, 32, 33, 36, 37, 39, 40, 41, 42, 43, 44, 45, 46, 47, 48, 51, 52, 58, 60, 61, 62, 64, 70, 71, 72, 73, 75, 76, 77, 78, 79, 80, 82, 83, 84, 87, 89, 90, 91], "excluded_lines": [94, 95], "start_line": 1, "executed_branches": [], "missing_branches": [[29, 30], [29, 36], [75, 76], [75, 87]]}}}, "telegram_bot/test_openai.py": {"executed_lines": [], "summary": {"covered_lines": 0, "num_statements": 20, "percent_covered": 0.0, "percent_covered_display": "0", "missing_lines": 20, "excluded_lines": 2, "percent_statements_covered": 0.0, "percent_statements_covered_display": "0", "num_branches": 2, "num_partial_branches": 0, "covered_branches": 0, "missing_branches": 2, "percent_branches_covered": 0.0, "percent_branches_covered_display": "0"}, "missing_lines": [4, 6, 9, 11, 13, 14, 16, 17, 18, 31, 32, 33, 34, 35, 36, 37, 38, 40, 41, 42], "excluded_lines": [45, 46], "executed_branches": [], "missing_branches": [[31, 32], [31, 37]], "functions": {"test_openai": {"executed_lines": [], "summary": {"covered_lines": 0, "num_statements": 17, "percent_covered": 0.0, "percent_covered_display": "0", "missing_lines": 17, "excluded_lines": 0, "percent_statements_covered": 0.0, "percent_statements_covered_display": "0", "num_branches": 2, "num_partial_branches": 0, "covered_branches": 0, "missing_branches": 2, "percent_branches_covered": 0.0, "percent_branches_covered_display": "0"}, "missing_lines": [11, 13, 14, 16, 17, 18, 31, 32, 33, 34, 35, 36, 37, 38, 40, 41, 42], "excluded_lines": [], "start_line": 9, "executed_branches": [], "missing_branches": [[31, 32], [31, 37]]}, "": {"executed_lines": [], "summary": {"covered_lines": 0, "num_statements": 3, "percent_covered": 0.0, "percent_covered_display": "0", "missing_lines": 3, "excluded_lines": 2, "percent_statements_covered": 0.0, "percent_statements_covered_display": "0", "num_branches": 0, "num_partial_branches": 0, "covered_branches": 0, "missing_branches": 0, "percent_branches_covered": 100.0, "percent_branches_covered_display": "100"}, "missing_lines": [4, 6, 9], "excluded_lines": [45, 46], "start_line": 1, "executed_branches": [], "missing_branches": []}}, "classes": {"": {"executed_lines": [], "summary": {"covered_lines": 0, "num_statements": 20, "percent_covered": 0.0, "percent_covered_display": "0", "missing_lines": 20, "excluded_lines": 2, "percent_statements_covered": 0.0, "percent_statements_covered_display": "0", "num_branches": 2, "num_partial_branches": 0, "covered_branches": 0, "missing_branches": 2, "percent_branches_covered": 0.0, "percent_branches_covered_display": "0"}, "missing_lines": [4, 6, 9, 11, 13, 14, 16, 17, 18, 31, 32, 33, 34, 35, 36, 37, 38, 40, 41, 42], "excluded_lines": [45, 46], "start_line": 1, "executed_branches": [], "missing_branches": [[31, 32], [31, 37]]}}}, "telegram_bot/test_qdrant_filtering.py": {"executed_lines": [], "summary": {"covered_lines": 0, "num_statements": 56, "percent_covered": 0.0, "percent_covered_display": "0", "missing_lines": 56, "excluded_lines": 2, "percent_statements_covered": 0.0, "percent_statements_covered_display": "0", "num_branches": 8, "num_partial_branches": 0, "covered_branches": 0, "missing_branches": 8, "percent_branches_covered": 0.0, "percent_branches_covered_display": "0"}, "missing_lines": [4, 5, 9, 11, 13, 16, 18, 21, 22, 24, 26, 28, 29, 30, 33, 34, 37, 39, 42, 43, 44, 47, 48, 61, 63, 64, 65, 66, 67, 68, 69, 70, 71, 72, 75, 76, 94, 96, 97, 98, 99, 100, 101, 104, 105, 119, 121, 122, 123, 129, 130, 131, 132, 133, 134, 135], "excluded_lines": [138, 139], "executed_branches": [], "missing_branches": [[21, 22], [21, 24], [63, 64], [63, 75], [96, 97], [96, 104], [121, 122], [121, 129]], "functions": {"test_filtering": {"executed_lines": [], "summary": {"covered_lines": 0, "num_statements": 50, "percent_covered": 0.0, "percent_covered_display": "0", "missing_lines": 50, "excluded_lines": 0, "percent_statements_covered": 0.0, "percent_statements_covered_display": "0", "num_branches": 8, "num_partial_branches": 0, "covered_branches": 0, "missing_branches": 8, "percent_branches_covered": 0.0, "percent_branches_covered_display": "0"}, "missing_lines": [18, 21, 22, 24, 26, 28, 29, 30, 33, 34, 37, 39, 42, 43, 44, 47, 48, 61, 63, 64, 65, 66, 67, 68, 69, 70, 71, 72, 75, 76, 94, 96, 97, 98, 99, 100, 101, 104, 105, 119, 121, 122, 123, 129, 130, 131, 132, 133, 134, 135], "excluded_lines": [], "start_line": 16, "executed_branches": [], "missing_branches": [[21, 22], [21, 24], [63, 64], [63, 75], [96, 97], [96, 104], [121, 122], [121, 129]]}, "": {"executed_lines": [], "summary": {"covered_lines": 0, "num_statements": 6, "percent_covered": 0.0, "percent_covered_display": "0", "missing_lines": 6, "excluded_lines": 2, "percent_statements_covered": 0.0, "percent_statements_covered_display": "0", "num_branches": 0, "num_partial_branches": 0, "covered_branches": 0, "missing_branches": 0, "percent_branches_covered": 100.0, "percent_branches_covered_display": "100"}, "missing_lines": [4, 5, 9, 11, 13, 16], "excluded_lines": [138, 139], "start_line": 1, "executed_branches": [], "missing_branches": []}}, "classes": {"": {"executed_lines": [], "summary": {"covered_lines": 0, "num_statements": 56, "percent_covered": 0.0, "percent_covered_display": "0", "missing_lines": 56, "excluded_lines": 2, "percent_statements_covered": 0.0, "percent_statements_covered_display": "0", "num_branches": 8, "num_partial_branches": 0, "covered_branches": 0, "missing_branches": 8, "percent_branches_covered": 0.0, "percent_branches_covered_display": "0"}, "missing_lines": [4, 5, 9, 11, 13, 16, 18, 21, 22, 24, 26, 28, 29, 30, 33, 34, 37, 39, 42, 43, 44, 47, 48, 61, 63, 64, 65, 66, 67, 68, 69, 70, 71, 72, 75, 76, 94, 96, 97, 98, 99, 100, 101, 104, 105, 119, 121, 122, 123, 129, 130, 131, 132, 133, 134, 135], "excluded_lines": [138, 139], "start_line": 1, "executed_branches": [], "missing_branches": [[21, 22], [21, 24], [63, 64], [63, 75], [96, 97], [96, 104], [121, 122], [121, 129]]}}}}, "totals": {"covered_lines": 3046, "num_statements": 4530, "percent_covered": 67.4910394265233, "percent_covered_display": "67", "missing_lines": 1484, "excluded_lines": 355, "percent_statements_covered": 67.24061810154525, "percent_statements_covered_display": "67", "num_branches": 1050, "num_partial_branches": 72, "covered_branches": 720, "missing_branches": 330, "percent_branches_covered": 68.57142857142857, "percent_branches_covered_display": "69"}}
